[debug] [2021-01-20T02:39:39.203Z] ----------------------------------------------------------------------
[debug] [2021-01-20T02:39:39.205Z] Command:       /usr/bin/node /usr/local/bin/firebase emulators:start
[debug] [2021-01-20T02:39:39.205Z] CLI Version:   9.2.0
[debug] [2021-01-20T02:39:39.205Z] Platform:      linux
[debug] [2021-01-20T02:39:39.205Z] Node Version:  v10.19.0
[debug] [2021-01-20T02:39:39.206Z] Time:          Wed Jan 20 2021 15:39:39 GMT+1300 (New Zealand Daylight Time)
[debug] [2021-01-20T02:39:39.206Z] ----------------------------------------------------------------------
[debug] [2021-01-20T02:39:39.206Z] 
[debug] [2021-01-20T02:39:39.211Z] > command requires scopes: ["email","openid","https://www.googleapis.com/auth/cloudplatformprojects.readonly","https://www.googleapis.com/auth/firebase","https://www.googleapis.com/auth/cloud-platform"]
[debug] [2021-01-20T02:39:39.212Z] > authorizing via signed-in user
[info] i  emulators: Starting emulators: functions, hosting {"metadata":{"emulator":{"name":"hub"},"message":"Starting emulators: functions, hosting"}}
[debug] [2021-01-20T02:39:39.230Z] [hub] writing locator at /tmp/hub-ch-482f8.json
[warn] ⚠  functions: The following emulators are not running, calls to these services from the Functions emulator will affect production: auth, firestore, database, pubsub {"metadata":{"emulator":{"name":"functions"},"message":"The following emulators are not running, calls to these services from the Functions emulator will affect production: \u001b[1mauth, firestore, database, pubsub\u001b[22m"}}
[warn] ⚠  Your requested "node" version "12" doesn't match your global version "10" {"metadata":{"emulator":{"name":"functions"},"message":"Your requested \"node\" version \"12\" doesn't match your global version \"10\""}}
[debug] [2021-01-20T02:39:39.256Z] defaultcredentials: writing to file /home/xps15/.config/firebase/sheba_redmoon-software_com_application_default_credentials.json
[debug] [2021-01-20T02:39:39.258Z] Setting GAC to /home/xps15/.config/firebase/sheba_redmoon-software_com_application_default_credentials.json {"metadata":{"emulator":{"name":"functions"},"message":"Setting GAC to /home/xps15/.config/firebase/sheba_redmoon-software_com_application_default_credentials.json"}}
[debug] [2021-01-20T02:39:39.262Z] > refreshing access token with scopes: []
[debug] [2021-01-20T02:39:39.262Z] >>> HTTP REQUEST POST https://www.googleapis.com/oauth2/v3/token  
 <request body omitted>
[debug] [2021-01-20T02:39:39.677Z] <<< HTTP RESPONSE 200 {"date":"Wed, 20 Jan 2021 02:39:39 GMT","pragma":"no-cache","expires":"Mon, 01 Jan 1990 00:00:00 GMT","cache-control":"no-cache, no-store, max-age=0, must-revalidate","content-type":"application/json; charset=utf-8","vary":"X-Origin, Referer, Origin,Accept-Encoding","server":"scaffolding on HTTPServer2","x-xss-protection":"0","x-frame-options":"SAMEORIGIN","x-content-type-options":"nosniff","alt-svc":"h3-29=\":443\"; ma=2592000,h3-T051=\":443\"; ma=2592000,h3-Q050=\":443\"; ma=2592000,h3-Q046=\":443\"; ma=2592000,h3-Q043=\":443\"; ma=2592000,quic=\":443\"; ma=2592000; v=\"46,43\"","accept-ranges":"none","transfer-encoding":"chunked"}
[debug] [2021-01-20T02:39:39.691Z] >>> [apiv2][query] GET https://firebase.googleapis.com/v1beta1/projects/ch-482f8/adminSdkConfig [none]
[debug] [2021-01-20T02:39:40.640Z] <<< [apiv2][status] GET https://firebase.googleapis.com/v1beta1/projects/ch-482f8/adminSdkConfig 200
[debug] [2021-01-20T02:39:40.641Z] <<< [apiv2][body] GET https://firebase.googleapis.com/v1beta1/projects/ch-482f8/adminSdkConfig {"projectId":"ch-482f8","storageBucket":"ch-482f8.appspot.com"}
[debug] [2021-01-20T02:39:40.658Z] >>> [apiv2][query] GET https://firebase.googleapis.com/v1beta1/projects/ch-482f8/webApps/-/config [none]
[debug] [2021-01-20T02:39:42.144Z] <<< [apiv2][status] GET https://firebase.googleapis.com/v1beta1/projects/ch-482f8/webApps/-/config 200
[debug] [2021-01-20T02:39:42.145Z] <<< [apiv2][body] GET https://firebase.googleapis.com/v1beta1/projects/ch-482f8/webApps/-/config {"projectId":"ch-482f8","appId":"1:779704351098:web:b3773a09ccf83a3cfffec3","storageBucket":"ch-482f8.appspot.com","apiKey":"AIzaSyBJuAPQRVjgps96q3rye6spA18at4vTCIY","authDomain":"ch-482f8.firebaseapp.com","messagingSenderId":"779704351098"}
[info] i  hosting: Serving hosting files from: build {"metadata":{"emulator":{"name":"hosting"},"message":"Serving hosting files from: \u001b[1mbuild\u001b[22m"}}
[info] ✔  hosting: Local server: http://localhost:5000 {"metadata":{"emulator":{"name":"hosting"},"message":"Local server: \u001b[4m\u001b[1mhttp://localhost:5000\u001b[22m\u001b[24m"}}
[debug] [2021-01-20T02:39:42.166Z] Ignoring unsupported arg: auto_download {"metadata":{"emulator":{"name":"ui"},"message":"Ignoring unsupported arg: auto_download"}}
[debug] [2021-01-20T02:39:42.166Z] Ignoring unsupported arg: port {"metadata":{"emulator":{"name":"ui"},"message":"Ignoring unsupported arg: port"}}
[debug] [2021-01-20T02:39:42.166Z] Starting Emulator UI with command {"binary":"node","args":["/home/xps15/.cache/firebase/emulators/ui-v1.4.1/server.bundle.js"],"optionalArgs":[],"joinArgs":false} {"metadata":{"emulator":{"name":"ui"},"message":"Starting Emulator UI with command {\"binary\":\"node\",\"args\":[\"/home/xps15/.cache/firebase/emulators/ui-v1.4.1/server.bundle.js\"],\"optionalArgs\":[],\"joinArgs\":false}"}}
[info] i  ui: Emulator UI logging to ui-debug.log {"metadata":{"emulator":{"name":"ui"},"message":"Emulator UI logging to \u001b[1mui-debug.log\u001b[22m"}}
[debug] [2021-01-20T02:39:42.663Z] Web / API server started at http://localhost:4000
 {"metadata":{"emulator":{"name":"ui"},"message":"Web / API server started at http://localhost:4000\n"}}
[info] i  functions: Watching "/home/xps15/Sheba/Challenge/amazon-clone/functions" for Cloud Functions... {"metadata":{"emulator":{"name":"functions"},"message":"Watching \"/home/xps15/Sheba/Challenge/amazon-clone/functions\" for Cloud Functions..."}}
[debug] [2021-01-20T02:39:42.686Z] [worker-pool] addWorker(~diagnostic~) {"metadata":{"emulator":{"name":"functions"},"message":"[worker-pool] addWorker(~diagnostic~)"}}
[debug] [2021-01-20T02:39:42.686Z] [worker-pool] Adding worker with key ~diagnostic~, total=1 {"metadata":{"emulator":{"name":"functions"},"message":"[worker-pool] Adding worker with key ~diagnostic~, total=1"}}
[debug] [2021-01-20T02:39:42.686Z] [worker-pool] submitWork(triggerId=) {"metadata":{"emulator":{"name":"functions"},"message":"[worker-pool] submitWork(triggerId=)"}}
[debug] [2021-01-20T02:39:42.687Z] [worker-~diagnostic~-2c6aa7bb-b702-4cad-a48e-c3653daec29c]: Assigning socketPath: /tmp/fire_emu_7742.sock {"metadata":{"emulator":{"name":"functions"},"message":"[worker-~diagnostic~-2c6aa7bb-b702-4cad-a48e-c3653daec29c]: Assigning socketPath: /tmp/fire_emu_7742.sock"}}
[debug] [2021-01-20T02:39:42.687Z] [worker-~diagnostic~-2c6aa7bb-b702-4cad-a48e-c3653daec29c]: BUSY {"metadata":{"emulator":{"name":"functions"},"message":"[worker-~diagnostic~-2c6aa7bb-b702-4cad-a48e-c3653daec29c]: BUSY"}}
[debug] [2021-01-20T02:39:43.173Z] [runtime-status] [7742] Functions runtime initialized. {"cwd":"/home/xps15/Sheba/Challenge/amazon-clone/functions","node_version":"10.19.0"} {"metadata":{"emulator":{"name":"functions"},"message":"[runtime-status] [7742] Functions runtime initialized. {\"cwd\":\"/home/xps15/Sheba/Challenge/amazon-clone/functions\",\"node_version\":\"10.19.0\"}"}}
[debug] [2021-01-20T02:39:43.175Z] [runtime-status] [7742] Disabled runtime features: undefined {"metadata":{"emulator":{"name":"functions"},"message":"[runtime-status] [7742] Disabled runtime features: undefined"}}
[debug] [2021-01-20T02:39:43.176Z] [runtime-status] [7742] Resolved module firebase-admin {"declared":true,"installed":true,"version":"9.4.2","resolution":"/home/xps15/Sheba/Challenge/amazon-clone/functions/node_modules/firebase-admin/lib/index.js"} {"metadata":{"emulator":{"name":"functions"},"message":"[runtime-status] [7742] Resolved module firebase-admin {\"declared\":true,\"installed\":true,\"version\":\"9.4.2\",\"resolution\":\"/home/xps15/Sheba/Challenge/amazon-clone/functions/node_modules/firebase-admin/lib/index.js\"}"}}
[debug] [2021-01-20T02:39:43.177Z] [runtime-status] [7742] Resolved module firebase-functions {"declared":true,"installed":true,"version":"3.13.1","resolution":"/home/xps15/Sheba/Challenge/amazon-clone/functions/node_modules/firebase-functions/lib/index.js"} {"metadata":{"emulator":{"name":"functions"},"message":"[runtime-status] [7742] Resolved module firebase-functions {\"declared\":true,\"installed\":true,\"version\":\"3.13.1\",\"resolution\":\"/home/xps15/Sheba/Challenge/amazon-clone/functions/node_modules/firebase-functions/lib/index.js\"}"}}
[debug] [2021-01-20T02:39:43.178Z] [runtime-status] [7742] Resolved module firebase-functions {"declared":true,"installed":true,"version":"3.13.1","resolution":"/home/xps15/Sheba/Challenge/amazon-clone/functions/node_modules/firebase-functions/lib/index.js"} {"metadata":{"emulator":{"name":"functions"},"message":"[runtime-status] [7742] Resolved module firebase-functions {\"declared\":true,\"installed\":true,\"version\":\"3.13.1\",\"resolution\":\"/home/xps15/Sheba/Challenge/amazon-clone/functions/node_modules/firebase-functions/lib/index.js\"}"}}
[debug] [2021-01-20T02:39:43.181Z] [runtime-status] [7742] Outgoing network have been stubbed. [{"name":"http","status":"mocked"},{"name":"http","status":"mocked"},{"name":"https","status":"mocked"},{"name":"https","status":"mocked"},{"name":"net","status":"mocked"}] {"metadata":{"emulator":{"name":"functions"},"message":"[runtime-status] [7742] Outgoing network have been stubbed. [{\"name\":\"http\",\"status\":\"mocked\"},{\"name\":\"http\",\"status\":\"mocked\"},{\"name\":\"https\",\"status\":\"mocked\"},{\"name\":\"https\",\"status\":\"mocked\"},{\"name\":\"net\",\"status\":\"mocked\"}]"}}
[debug] [2021-01-20T02:39:43.181Z] [runtime-status] [7742] Resolved module firebase-functions {"declared":true,"installed":true,"version":"3.13.1","resolution":"/home/xps15/Sheba/Challenge/amazon-clone/functions/node_modules/firebase-functions/lib/index.js"} {"metadata":{"emulator":{"name":"functions"},"message":"[runtime-status] [7742] Resolved module firebase-functions {\"declared\":true,\"installed\":true,\"version\":\"3.13.1\",\"resolution\":\"/home/xps15/Sheba/Challenge/amazon-clone/functions/node_modules/firebase-functions/lib/index.js\"}"}}
[debug] [2021-01-20T02:39:43.228Z] [runtime-status] [7742] Checked functions.config() {"config":{}} {"metadata":{"emulator":{"name":"functions"},"message":"[runtime-status] [7742] Checked functions.config() {\"config\":{}}"}}
[debug] [2021-01-20T02:39:43.228Z] [runtime-status] [7742] firebase-functions has been stubbed. {"functionsResolution":{"declared":true,"installed":true,"version":"3.13.1","resolution":"/home/xps15/Sheba/Challenge/amazon-clone/functions/node_modules/firebase-functions/lib/index.js"}} {"metadata":{"emulator":{"name":"functions"},"message":"[runtime-status] [7742] firebase-functions has been stubbed. {\"functionsResolution\":{\"declared\":true,\"installed\":true,\"version\":\"3.13.1\",\"resolution\":\"/home/xps15/Sheba/Challenge/amazon-clone/functions/node_modules/firebase-functions/lib/index.js\"}}"}}
[debug] [2021-01-20T02:39:43.229Z] [runtime-status] [7742] Resolved module firebase-functions {"declared":true,"installed":true,"version":"3.13.1","resolution":"/home/xps15/Sheba/Challenge/amazon-clone/functions/node_modules/firebase-functions/lib/index.js"} {"metadata":{"emulator":{"name":"functions"},"message":"[runtime-status] [7742] Resolved module firebase-functions {\"declared\":true,\"installed\":true,\"version\":\"3.13.1\",\"resolution\":\"/home/xps15/Sheba/Challenge/amazon-clone/functions/node_modules/firebase-functions/lib/index.js\"}"}}
[debug] [2021-01-20T02:39:43.230Z] [runtime-status] [7742] Resolved module firebase-admin {"declared":true,"installed":true,"version":"9.4.2","resolution":"/home/xps15/Sheba/Challenge/amazon-clone/functions/node_modules/firebase-admin/lib/index.js"} {"metadata":{"emulator":{"name":"functions"},"message":"[runtime-status] [7742] Resolved module firebase-admin {\"declared\":true,\"installed\":true,\"version\":\"9.4.2\",\"resolution\":\"/home/xps15/Sheba/Challenge/amazon-clone/functions/node_modules/firebase-admin/lib/index.js\"}"}}
[debug] [2021-01-20T02:39:43.230Z] [runtime-status] [7742] Resolved module firebase-functions {"declared":true,"installed":true,"version":"3.13.1","resolution":"/home/xps15/Sheba/Challenge/amazon-clone/functions/node_modules/firebase-functions/lib/index.js"} {"metadata":{"emulator":{"name":"functions"},"message":"[runtime-status] [7742] Resolved module firebase-functions {\"declared\":true,\"installed\":true,\"version\":\"3.13.1\",\"resolution\":\"/home/xps15/Sheba/Challenge/amazon-clone/functions/node_modules/firebase-functions/lib/index.js\"}"}}
[debug] [2021-01-20T02:39:43.230Z] [runtime-status] [7742] firebase-admin has been stubbed. {"adminResolution":{"declared":true,"installed":true,"version":"9.4.2","resolution":"/home/xps15/Sheba/Challenge/amazon-clone/functions/node_modules/firebase-admin/lib/index.js"}} {"metadata":{"emulator":{"name":"functions"},"message":"[runtime-status] [7742] firebase-admin has been stubbed. {\"adminResolution\":{\"declared\":true,\"installed\":true,\"version\":\"9.4.2\",\"resolution\":\"/home/xps15/Sheba/Challenge/amazon-clone/functions/node_modules/firebase-admin/lib/index.js\"}}"}}
[info] ✔  functions[api]: http function initialized (http://localhost:5001/ch-482f8/us-central1/api). {"metadata":{"emulator":{"name":"functions"},"message":"\u001b[1mhttp\u001b[22m function initialized (http://localhost:5001/ch-482f8/us-central1/api)."}}
[info] 
┌─────────────────────────────────────────────────────────────┐
│ ✔  All emulators ready! It is now safe to connect your app. │
│ i  View Emulator UI at http://localhost:4000                │
└─────────────────────────────────────────────────────────────┘

┌───────────┬────────────────┬─────────────────────────────────┐
│ Emulator  │ Host:Port      │ View in Emulator UI             │
├───────────┼────────────────┼─────────────────────────────────┤
│ Functions │ localhost:5001 │ http://localhost:4000/functions │
├───────────┼────────────────┼─────────────────────────────────┤
│ Hosting   │ localhost:5000 │ n/a                             │
└───────────┴────────────────┴─────────────────────────────────┘
  Emulator Hub running at localhost:4400
  Other reserved ports: 4500

Issues? Report them at https://github.com/firebase/firebase-tools/issues and attach the *-debug.log files.
 
[debug] [2021-01-20T02:39:43.333Z] [worker-~diagnostic~-2c6aa7bb-b702-4cad-a48e-c3653daec29c]: IDLE {"metadata":{"emulator":{"name":"functions"},"message":"[worker-~diagnostic~-2c6aa7bb-b702-4cad-a48e-c3653daec29c]: IDLE"}}
[debug] [2021-01-20T02:40:03.489Z] [work-queue] {"queueLength":1,"workRunningCount":0}
[debug] [2021-01-20T02:40:03.489Z] [work-queue] {"queueLength":0,"workRunningCount":1}
[debug] [2021-01-20T02:40:03.490Z] Accepted request GET /ch-482f8/us-central1/api --> api
[debug] [2021-01-20T02:40:03.497Z] [worker-pool] addWorker(api) {"metadata":{"emulator":{"name":"functions"},"message":"[worker-pool] addWorker(api)"}}
[debug] [2021-01-20T02:40:03.497Z] [worker-pool] Adding worker with key api, total=1 {"metadata":{"emulator":{"name":"functions"},"message":"[worker-pool] Adding worker with key api, total=1"}}
[debug] [2021-01-20T02:40:03.498Z] [worker-pool] submitWork(triggerId=api) {"metadata":{"emulator":{"name":"functions"},"message":"[worker-pool] submitWork(triggerId=api)"}}
[debug] [2021-01-20T02:40:03.498Z] [worker-api-4ee63835-d36f-43d4-a308-740d52ef9cf7]: Assigning socketPath: /tmp/fire_emu_7867.sock {"metadata":{"emulator":{"name":"functions"},"message":"[worker-api-4ee63835-d36f-43d4-a308-740d52ef9cf7]: Assigning socketPath: /tmp/fire_emu_7867.sock"}}
[debug] [2021-01-20T02:40:03.498Z] [worker-api-4ee63835-d36f-43d4-a308-740d52ef9cf7]: BUSY {"metadata":{"emulator":{"name":"functions"},"message":"[worker-api-4ee63835-d36f-43d4-a308-740d52ef9cf7]: BUSY"}}
[debug] [2021-01-20T02:40:03.964Z] [runtime-status] [7867] Functions runtime initialized. {"cwd":"/home/xps15/Sheba/Challenge/amazon-clone/functions","node_version":"10.19.0"} {"metadata":{"emulator":{"name":"functions"},"function":{"name":"api"},"message":"[runtime-status] [7867] Functions runtime initialized. {\"cwd\":\"/home/xps15/Sheba/Challenge/amazon-clone/functions\",\"node_version\":\"10.19.0\"}"}}
[debug] [2021-01-20T02:40:03.965Z] [runtime-status] [7867] Disabled runtime features: undefined {"metadata":{"emulator":{"name":"functions"},"function":{"name":"api"},"message":"[runtime-status] [7867] Disabled runtime features: undefined"}}
[debug] [2021-01-20T02:40:03.967Z] [runtime-status] [7867] Resolved module firebase-admin {"declared":true,"installed":true,"version":"9.4.2","resolution":"/home/xps15/Sheba/Challenge/amazon-clone/functions/node_modules/firebase-admin/lib/index.js"} {"metadata":{"emulator":{"name":"functions"},"function":{"name":"api"},"message":"[runtime-status] [7867] Resolved module firebase-admin {\"declared\":true,\"installed\":true,\"version\":\"9.4.2\",\"resolution\":\"/home/xps15/Sheba/Challenge/amazon-clone/functions/node_modules/firebase-admin/lib/index.js\"}"}}
[debug] [2021-01-20T02:40:03.968Z] [runtime-status] [7867] Resolved module firebase-functions {"declared":true,"installed":true,"version":"3.13.1","resolution":"/home/xps15/Sheba/Challenge/amazon-clone/functions/node_modules/firebase-functions/lib/index.js"} {"metadata":{"emulator":{"name":"functions"},"function":{"name":"api"},"message":"[runtime-status] [7867] Resolved module firebase-functions {\"declared\":true,\"installed\":true,\"version\":\"3.13.1\",\"resolution\":\"/home/xps15/Sheba/Challenge/amazon-clone/functions/node_modules/firebase-functions/lib/index.js\"}"}}
[debug] [2021-01-20T02:40:03.968Z] [runtime-status] [7867] Resolved module firebase-functions {"declared":true,"installed":true,"version":"3.13.1","resolution":"/home/xps15/Sheba/Challenge/amazon-clone/functions/node_modules/firebase-functions/lib/index.js"} {"metadata":{"emulator":{"name":"functions"},"function":{"name":"api"},"message":"[runtime-status] [7867] Resolved module firebase-functions {\"declared\":true,\"installed\":true,\"version\":\"3.13.1\",\"resolution\":\"/home/xps15/Sheba/Challenge/amazon-clone/functions/node_modules/firebase-functions/lib/index.js\"}"}}
[debug] [2021-01-20T02:40:03.971Z] [runtime-status] [7867] Outgoing network have been stubbed. [{"name":"http","status":"mocked"},{"name":"http","status":"mocked"},{"name":"https","status":"mocked"},{"name":"https","status":"mocked"},{"name":"net","status":"mocked"}] {"metadata":{"emulator":{"name":"functions"},"function":{"name":"api"},"message":"[runtime-status] [7867] Outgoing network have been stubbed. [{\"name\":\"http\",\"status\":\"mocked\"},{\"name\":\"http\",\"status\":\"mocked\"},{\"name\":\"https\",\"status\":\"mocked\"},{\"name\":\"https\",\"status\":\"mocked\"},{\"name\":\"net\",\"status\":\"mocked\"}]"}}
[debug] [2021-01-20T02:40:03.972Z] [runtime-status] [7867] Resolved module firebase-functions {"declared":true,"installed":true,"version":"3.13.1","resolution":"/home/xps15/Sheba/Challenge/amazon-clone/functions/node_modules/firebase-functions/lib/index.js"} {"metadata":{"emulator":{"name":"functions"},"function":{"name":"api"},"message":"[runtime-status] [7867] Resolved module firebase-functions {\"declared\":true,\"installed\":true,\"version\":\"3.13.1\",\"resolution\":\"/home/xps15/Sheba/Challenge/amazon-clone/functions/node_modules/firebase-functions/lib/index.js\"}"}}
[debug] [2021-01-20T02:40:04.005Z] [runtime-status] [7867] Checked functions.config() {"config":{}} {"metadata":{"emulator":{"name":"functions"},"function":{"name":"api"},"message":"[runtime-status] [7867] Checked functions.config() {\"config\":{}}"}}
[debug] [2021-01-20T02:40:04.005Z] [runtime-status] [7867] firebase-functions has been stubbed. {"functionsResolution":{"declared":true,"installed":true,"version":"3.13.1","resolution":"/home/xps15/Sheba/Challenge/amazon-clone/functions/node_modules/firebase-functions/lib/index.js"}} {"metadata":{"emulator":{"name":"functions"},"function":{"name":"api"},"message":"[runtime-status] [7867] firebase-functions has been stubbed. {\"functionsResolution\":{\"declared\":true,\"installed\":true,\"version\":\"3.13.1\",\"resolution\":\"/home/xps15/Sheba/Challenge/amazon-clone/functions/node_modules/firebase-functions/lib/index.js\"}}"}}
[debug] [2021-01-20T02:40:04.006Z] [runtime-status] [7867] Resolved module firebase-functions {"declared":true,"installed":true,"version":"3.13.1","resolution":"/home/xps15/Sheba/Challenge/amazon-clone/functions/node_modules/firebase-functions/lib/index.js"} {"metadata":{"emulator":{"name":"functions"},"function":{"name":"api"},"message":"[runtime-status] [7867] Resolved module firebase-functions {\"declared\":true,\"installed\":true,\"version\":\"3.13.1\",\"resolution\":\"/home/xps15/Sheba/Challenge/amazon-clone/functions/node_modules/firebase-functions/lib/index.js\"}"}}
[debug] [2021-01-20T02:40:04.006Z] [runtime-status] [7867] Resolved module firebase-admin {"declared":true,"installed":true,"version":"9.4.2","resolution":"/home/xps15/Sheba/Challenge/amazon-clone/functions/node_modules/firebase-admin/lib/index.js"} {"metadata":{"emulator":{"name":"functions"},"function":{"name":"api"},"message":"[runtime-status] [7867] Resolved module firebase-admin {\"declared\":true,\"installed\":true,\"version\":\"9.4.2\",\"resolution\":\"/home/xps15/Sheba/Challenge/amazon-clone/functions/node_modules/firebase-admin/lib/index.js\"}"}}
[debug] [2021-01-20T02:40:04.006Z] [runtime-status] [7867] Resolved module firebase-functions {"declared":true,"installed":true,"version":"3.13.1","resolution":"/home/xps15/Sheba/Challenge/amazon-clone/functions/node_modules/firebase-functions/lib/index.js"} {"metadata":{"emulator":{"name":"functions"},"function":{"name":"api"},"message":"[runtime-status] [7867] Resolved module firebase-functions {\"declared\":true,\"installed\":true,\"version\":\"3.13.1\",\"resolution\":\"/home/xps15/Sheba/Challenge/amazon-clone/functions/node_modules/firebase-functions/lib/index.js\"}"}}
[debug] [2021-01-20T02:40:04.006Z] [runtime-status] [7867] firebase-admin has been stubbed. {"adminResolution":{"declared":true,"installed":true,"version":"9.4.2","resolution":"/home/xps15/Sheba/Challenge/amazon-clone/functions/node_modules/firebase-admin/lib/index.js"}} {"metadata":{"emulator":{"name":"functions"},"function":{"name":"api"},"message":"[runtime-status] [7867] firebase-admin has been stubbed. {\"adminResolution\":{\"declared\":true,\"installed\":true,\"version\":\"9.4.2\",\"resolution\":\"/home/xps15/Sheba/Challenge/amazon-clone/functions/node_modules/firebase-admin/lib/index.js\"}}"}}
[debug] [2021-01-20T02:40:04.069Z] [runtime-status] [7867] Trigger "api" has been found, beginning invocation! {"metadata":{"emulator":{"name":"functions"},"function":{"name":"api"},"message":"[runtime-status] [7867] Trigger \"api\" has been found, beginning invocation!"}}
[info] i  functions: Beginning execution of "api" {"metadata":{"emulator":{"name":"functions"},"function":{"name":"api"},"message":"Beginning execution of \"api\""}}
[debug] [2021-01-20T02:40:04.069Z] [runtime-status] [7867] triggerDefinition {"httpsTrigger":{},"name":"api","entryPoint":"api"} {"metadata":{"emulator":{"name":"functions"},"function":{"name":"api"},"message":"[runtime-status] [7867] triggerDefinition {\"httpsTrigger\":{},\"name\":\"api\",\"entryPoint\":\"api\"}"}}
[debug] [2021-01-20T02:40:04.069Z] [runtime-status] [7867] Running api in mode HTTPS {"metadata":{"emulator":{"name":"functions"},"function":{"name":"api"},"message":"[runtime-status] [7867] Running api in mode HTTPS"}}
[debug] [2021-01-20T02:40:04.072Z] [runtime-status] [7867] Attempting to listen to socketPath: /tmp/fire_emu_7867.sock {"metadata":{"emulator":{"name":"functions"},"function":{"name":"api"},"message":"[runtime-status] [7867] Attempting to listen to socketPath: /tmp/fire_emu_7867.sock"}}
[debug] [2021-01-20T02:40:04.076Z] [functions] Runtime ready! Sending request! {"metadata":{"emulator":{"name":"functions"},"message":"[functions] Runtime ready! Sending request!"}}
[debug] [2021-01-20T02:40:04.077Z] [functions] Got req.url=/ch-482f8/us-central1/api, mapping to path= {"metadata":{"emulator":{"name":"functions"},"message":"[functions] Got req.url=/ch-482f8/us-central1/api, mapping to path="}}
[debug] [2021-01-20T02:40:04.085Z] [runtime-status] [7867] Ephemeral server handling GET request {"metadata":{"emulator":{"name":"functions"},"function":{"name":"api"},"message":"[runtime-status] [7867] Ephemeral server handling GET request"}}
[debug] [2021-01-20T02:40:04.091Z] [runtime-status] [7867] Ephemeral server survived. {"metadata":{"emulator":{"name":"functions"},"function":{"name":"api"},"message":"[runtime-status] [7867] Ephemeral server survived."}}
[info] i  functions: Finished "api" in ~1s {"metadata":{"emulator":{"name":"functions"},"function":{"name":"api"},"message":"Finished \"api\" in ~1s"}}
[debug] [2021-01-20T02:40:04.103Z] [worker-api-4ee63835-d36f-43d4-a308-740d52ef9cf7]: IDLE {"metadata":{"emulator":{"name":"functions"},"message":"[worker-api-4ee63835-d36f-43d4-a308-740d52ef9cf7]: IDLE"}}
[debug] [2021-01-20T02:40:04.103Z] [work-queue] {"queueLength":0,"workRunningCount":0}
[debug] [2021-01-20T02:40:04.197Z] Functions emulator received unknown request at path /favicon.ico
[debug] [2021-01-20T02:40:19.016Z] [work-queue] {"queueLength":1,"workRunningCount":0}
[debug] [2021-01-20T02:40:19.016Z] [work-queue] {"queueLength":0,"workRunningCount":1}
[debug] [2021-01-20T02:40:19.016Z] Accepted request GET /ch-482f8/us-central1/api --> api
[debug] [2021-01-20T02:40:19.017Z] [worker-pool] submitWork(triggerId=api) {"metadata":{"emulator":{"name":"functions"},"message":"[worker-pool] submitWork(triggerId=api)"}}
[debug] [2021-01-20T02:40:19.017Z] [worker-api-4ee63835-d36f-43d4-a308-740d52ef9cf7]: Assigning socketPath: /tmp/fire_emu_7867.sock {"metadata":{"emulator":{"name":"functions"},"message":"[worker-api-4ee63835-d36f-43d4-a308-740d52ef9cf7]: Assigning socketPath: /tmp/fire_emu_7867.sock"}}
[debug] [2021-01-20T02:40:19.017Z] [worker-api-4ee63835-d36f-43d4-a308-740d52ef9cf7]: BUSY {"metadata":{"emulator":{"name":"functions"},"message":"[worker-api-4ee63835-d36f-43d4-a308-740d52ef9cf7]: BUSY"}}
[debug] [2021-01-20T02:40:19.018Z] [runtime-status] [7867] Trigger "api" has been found, beginning invocation! {"metadata":{"emulator":{"name":"functions"},"function":{"name":"api"},"message":"[runtime-status] [7867] Trigger \"api\" has been found, beginning invocation!"}}
[info] i  functions: Beginning execution of "api" {"metadata":{"emulator":{"name":"functions"},"function":{"name":"api"},"message":"Beginning execution of \"api\""}}
[debug] [2021-01-20T02:40:19.019Z] [runtime-status] [7867] triggerDefinition {"httpsTrigger":{},"name":"api","entryPoint":"api"} {"metadata":{"emulator":{"name":"functions"},"function":{"name":"api"},"message":"[runtime-status] [7867] triggerDefinition {\"httpsTrigger\":{},\"name\":\"api\",\"entryPoint\":\"api\"}"}}
[debug] [2021-01-20T02:40:19.019Z] [runtime-status] [7867] Running api in mode HTTPS {"metadata":{"emulator":{"name":"functions"},"function":{"name":"api"},"message":"[runtime-status] [7867] Running api in mode HTTPS"}}
[debug] [2021-01-20T02:40:19.020Z] [runtime-status] [7867] Attempting to listen to socketPath: /tmp/fire_emu_7867.sock {"metadata":{"emulator":{"name":"functions"},"function":{"name":"api"},"message":"[runtime-status] [7867] Attempting to listen to socketPath: /tmp/fire_emu_7867.sock"}}
[debug] [2021-01-20T02:40:19.021Z] [functions] Runtime ready! Sending request! {"metadata":{"emulator":{"name":"functions"},"message":"[functions] Runtime ready! Sending request!"}}
[debug] [2021-01-20T02:40:19.022Z] [functions] Got req.url=/ch-482f8/us-central1/api, mapping to path= {"metadata":{"emulator":{"name":"functions"},"message":"[functions] Got req.url=/ch-482f8/us-central1/api, mapping to path="}}
[debug] [2021-01-20T02:40:19.027Z] [runtime-status] [7867] Ephemeral server handling GET request {"metadata":{"emulator":{"name":"functions"},"function":{"name":"api"},"message":"[runtime-status] [7867] Ephemeral server handling GET request"}}
[debug] [2021-01-20T02:40:19.028Z] [runtime-status] [7867] Ephemeral server survived. {"metadata":{"emulator":{"name":"functions"},"function":{"name":"api"},"message":"[runtime-status] [7867] Ephemeral server survived."}}
[info] i  functions: Finished "api" in ~1s {"metadata":{"emulator":{"name":"functions"},"function":{"name":"api"},"message":"Finished \"api\" in ~1s"}}
[debug] [2021-01-20T02:40:19.029Z] [worker-api-4ee63835-d36f-43d4-a308-740d52ef9cf7]: IDLE {"metadata":{"emulator":{"name":"functions"},"message":"[worker-api-4ee63835-d36f-43d4-a308-740d52ef9cf7]: IDLE"}}
[debug] [2021-01-20T02:40:19.029Z] [work-queue] {"queueLength":0,"workRunningCount":0}
[debug] [2021-01-20T02:43:05.810Z] [work-queue] {"queueLength":1,"workRunningCount":0}
[debug] [2021-01-20T02:43:05.810Z] [work-queue] {"queueLength":0,"workRunningCount":1}
[debug] [2021-01-20T02:43:05.810Z] Accepted request GET /ch-482f8/us-central1/api --> api
[debug] [2021-01-20T02:43:05.810Z] [worker-pool] submitWork(triggerId=api) {"metadata":{"emulator":{"name":"functions"},"message":"[worker-pool] submitWork(triggerId=api)"}}
[debug] [2021-01-20T02:43:05.810Z] [worker-api-4ee63835-d36f-43d4-a308-740d52ef9cf7]: Assigning socketPath: /tmp/fire_emu_7867.sock {"metadata":{"emulator":{"name":"functions"},"message":"[worker-api-4ee63835-d36f-43d4-a308-740d52ef9cf7]: Assigning socketPath: /tmp/fire_emu_7867.sock"}}
[debug] [2021-01-20T02:43:05.811Z] [worker-api-4ee63835-d36f-43d4-a308-740d52ef9cf7]: BUSY {"metadata":{"emulator":{"name":"functions"},"message":"[worker-api-4ee63835-d36f-43d4-a308-740d52ef9cf7]: BUSY"}}
[debug] [2021-01-20T02:43:05.812Z] [runtime-status] [7867] Trigger "api" has been found, beginning invocation! {"metadata":{"emulator":{"name":"functions"},"function":{"name":"api"},"message":"[runtime-status] [7867] Trigger \"api\" has been found, beginning invocation!"}}
[info] i  functions: Beginning execution of "api" {"metadata":{"emulator":{"name":"functions"},"function":{"name":"api"},"message":"Beginning execution of \"api\""}}
[debug] [2021-01-20T02:43:05.812Z] [runtime-status] [7867] triggerDefinition {"httpsTrigger":{},"name":"api","entryPoint":"api"} {"metadata":{"emulator":{"name":"functions"},"function":{"name":"api"},"message":"[runtime-status] [7867] triggerDefinition {\"httpsTrigger\":{},\"name\":\"api\",\"entryPoint\":\"api\"}"}}
[debug] [2021-01-20T02:43:05.813Z] [runtime-status] [7867] Running api in mode HTTPS {"metadata":{"emulator":{"name":"functions"},"function":{"name":"api"},"message":"[runtime-status] [7867] Running api in mode HTTPS"}}
[debug] [2021-01-20T02:43:05.813Z] [runtime-status] [7867] Attempting to listen to socketPath: /tmp/fire_emu_7867.sock {"metadata":{"emulator":{"name":"functions"},"function":{"name":"api"},"message":"[runtime-status] [7867] Attempting to listen to socketPath: /tmp/fire_emu_7867.sock"}}
[debug] [2021-01-20T02:43:05.817Z] [functions] Runtime ready! Sending request! {"metadata":{"emulator":{"name":"functions"},"message":"[functions] Runtime ready! Sending request!"}}
[debug] [2021-01-20T02:43:05.817Z] [functions] Got req.url=/ch-482f8/us-central1/api, mapping to path= {"metadata":{"emulator":{"name":"functions"},"message":"[functions] Got req.url=/ch-482f8/us-central1/api, mapping to path="}}
[debug] [2021-01-20T02:43:05.822Z] [runtime-status] [7867] Ephemeral server handling GET request {"metadata":{"emulator":{"name":"functions"},"function":{"name":"api"},"message":"[runtime-status] [7867] Ephemeral server handling GET request"}}
[debug] [2021-01-20T02:43:05.825Z] [runtime-status] [7867] Ephemeral server survived. {"metadata":{"emulator":{"name":"functions"},"function":{"name":"api"},"message":"[runtime-status] [7867] Ephemeral server survived."}}
[info] i  functions: Finished "api" in ~1s {"metadata":{"emulator":{"name":"functions"},"function":{"name":"api"},"message":"Finished \"api\" in ~1s"}}
[debug] [2021-01-20T02:43:05.826Z] [worker-api-4ee63835-d36f-43d4-a308-740d52ef9cf7]: IDLE {"metadata":{"emulator":{"name":"functions"},"message":"[worker-api-4ee63835-d36f-43d4-a308-740d52ef9cf7]: IDLE"}}
[debug] [2021-01-20T02:43:05.826Z] [work-queue] {"queueLength":0,"workRunningCount":0}
[debug] [2021-01-20T02:51:46.443Z] [work-queue] {"queueLength":1,"workRunningCount":0}
[debug] [2021-01-20T02:51:46.443Z] [work-queue] {"queueLength":0,"workRunningCount":1}
[debug] [2021-01-20T02:51:46.443Z] Accepted request POST /ch-482f8/us-central1/api/payments/create?total=7398 --> api
[debug] [2021-01-20T02:51:46.443Z] [worker-pool] submitWork(triggerId=api) {"metadata":{"emulator":{"name":"functions"},"message":"[worker-pool] submitWork(triggerId=api)"}}
[debug] [2021-01-20T02:51:46.443Z] [worker-api-4ee63835-d36f-43d4-a308-740d52ef9cf7]: Assigning socketPath: /tmp/fire_emu_7867.sock {"metadata":{"emulator":{"name":"functions"},"message":"[worker-api-4ee63835-d36f-43d4-a308-740d52ef9cf7]: Assigning socketPath: /tmp/fire_emu_7867.sock"}}
[debug] [2021-01-20T02:51:46.443Z] [worker-api-4ee63835-d36f-43d4-a308-740d52ef9cf7]: BUSY {"metadata":{"emulator":{"name":"functions"},"message":"[worker-api-4ee63835-d36f-43d4-a308-740d52ef9cf7]: BUSY"}}
[debug] [2021-01-20T02:51:46.444Z] [runtime-status] [7867] Trigger "api" has been found, beginning invocation! {"metadata":{"emulator":{"name":"functions"},"function":{"name":"api"},"message":"[runtime-status] [7867] Trigger \"api\" has been found, beginning invocation!"}}
[info] i  functions: Beginning execution of "api" {"metadata":{"emulator":{"name":"functions"},"function":{"name":"api"},"message":"Beginning execution of \"api\""}}
[debug] [2021-01-20T02:51:46.445Z] [runtime-status] [7867] triggerDefinition {"httpsTrigger":{},"name":"api","entryPoint":"api"} {"metadata":{"emulator":{"name":"functions"},"function":{"name":"api"},"message":"[runtime-status] [7867] triggerDefinition {\"httpsTrigger\":{},\"name\":\"api\",\"entryPoint\":\"api\"}"}}
[debug] [2021-01-20T02:51:46.445Z] [runtime-status] [7867] Running api in mode HTTPS {"metadata":{"emulator":{"name":"functions"},"function":{"name":"api"},"message":"[runtime-status] [7867] Running api in mode HTTPS"}}
[debug] [2021-01-20T02:51:46.446Z] [runtime-status] [7867] Attempting to listen to socketPath: /tmp/fire_emu_7867.sock {"metadata":{"emulator":{"name":"functions"},"function":{"name":"api"},"message":"[runtime-status] [7867] Attempting to listen to socketPath: /tmp/fire_emu_7867.sock"}}
[debug] [2021-01-20T02:51:46.447Z] [functions] Runtime ready! Sending request! {"metadata":{"emulator":{"name":"functions"},"message":"[functions] Runtime ready! Sending request!"}}
[debug] [2021-01-20T02:51:46.447Z] [functions] Got req.url=/ch-482f8/us-central1/api/payments/create?total=7398, mapping to path=/payments/create?total=7398 {"metadata":{"emulator":{"name":"functions"},"message":"[functions] Got req.url=/ch-482f8/us-central1/api/payments/create?total=7398, mapping to path=/payments/create?total=7398"}}
[debug] [2021-01-20T02:51:46.451Z] [runtime-status] [7867] Ephemeral server handling POST request {"metadata":{"emulator":{"name":"functions"},"function":{"name":"api"},"message":"[runtime-status] [7867] Ephemeral server handling POST request"}}
[info] >  Payment Request Received 7398 {"user":"Payment Request Received 7398","metadata":{"emulator":{"name":"functions"},"function":{"name":"api"},"message":"\u001b[90m> \u001b[39m Payment Request Received 7398"}}
[debug] [2021-01-20T02:51:46.458Z] [runtime-status] [7867] Ephemeral server survived. {"metadata":{"emulator":{"name":"functions"},"function":{"name":"api"},"message":"[runtime-status] [7867] Ephemeral server survived."}}
[info] i  functions: Finished "api" in ~1s {"metadata":{"emulator":{"name":"functions"},"function":{"name":"api"},"message":"Finished \"api\" in ~1s"}}
[debug] [2021-01-20T02:51:47.044Z] [worker-api-4ee63835-d36f-43d4-a308-740d52ef9cf7]: IDLE {"metadata":{"emulator":{"name":"functions"},"message":"[worker-api-4ee63835-d36f-43d4-a308-740d52ef9cf7]: IDLE"}}
[debug] [2021-01-20T02:51:47.044Z] [work-queue] {"queueLength":0,"workRunningCount":0}
[debug] [2021-01-20T02:52:44.825Z] [work-queue] {"queueLength":1,"workRunningCount":0}
[debug] [2021-01-20T02:52:44.825Z] [work-queue] {"queueLength":0,"workRunningCount":1}
[debug] [2021-01-20T02:52:44.825Z] Accepted request POST /ch-482f8/us-central1/api/payments/create?total=0 --> api
[debug] [2021-01-20T02:52:44.825Z] [worker-pool] submitWork(triggerId=api) {"metadata":{"emulator":{"name":"functions"},"message":"[worker-pool] submitWork(triggerId=api)"}}
[debug] [2021-01-20T02:52:44.825Z] [worker-api-4ee63835-d36f-43d4-a308-740d52ef9cf7]: Assigning socketPath: /tmp/fire_emu_7867.sock {"metadata":{"emulator":{"name":"functions"},"message":"[worker-api-4ee63835-d36f-43d4-a308-740d52ef9cf7]: Assigning socketPath: /tmp/fire_emu_7867.sock"}}
[debug] [2021-01-20T02:52:44.825Z] [worker-api-4ee63835-d36f-43d4-a308-740d52ef9cf7]: BUSY {"metadata":{"emulator":{"name":"functions"},"message":"[worker-api-4ee63835-d36f-43d4-a308-740d52ef9cf7]: BUSY"}}
[debug] [2021-01-20T02:52:44.827Z] [runtime-status] [7867] Trigger "api" has been found, beginning invocation! {"metadata":{"emulator":{"name":"functions"},"function":{"name":"api"},"message":"[runtime-status] [7867] Trigger \"api\" has been found, beginning invocation!"}}
[info] i  functions: Beginning execution of "api" {"metadata":{"emulator":{"name":"functions"},"function":{"name":"api"},"message":"Beginning execution of \"api\""}}
[debug] [2021-01-20T02:52:44.828Z] [runtime-status] [7867] triggerDefinition {"httpsTrigger":{},"name":"api","entryPoint":"api"} {"metadata":{"emulator":{"name":"functions"},"function":{"name":"api"},"message":"[runtime-status] [7867] triggerDefinition {\"httpsTrigger\":{},\"name\":\"api\",\"entryPoint\":\"api\"}"}}
[debug] [2021-01-20T02:52:44.828Z] [runtime-status] [7867] Running api in mode HTTPS {"metadata":{"emulator":{"name":"functions"},"function":{"name":"api"},"message":"[runtime-status] [7867] Running api in mode HTTPS"}}
[debug] [2021-01-20T02:52:44.828Z] [runtime-status] [7867] Attempting to listen to socketPath: /tmp/fire_emu_7867.sock {"metadata":{"emulator":{"name":"functions"},"function":{"name":"api"},"message":"[runtime-status] [7867] Attempting to listen to socketPath: /tmp/fire_emu_7867.sock"}}
[debug] [2021-01-20T02:52:44.828Z] [functions] Runtime ready! Sending request! {"metadata":{"emulator":{"name":"functions"},"message":"[functions] Runtime ready! Sending request!"}}
[debug] [2021-01-20T02:52:44.829Z] [functions] Got req.url=/ch-482f8/us-central1/api/payments/create?total=0, mapping to path=/payments/create?total=0 {"metadata":{"emulator":{"name":"functions"},"message":"[functions] Got req.url=/ch-482f8/us-central1/api/payments/create?total=0, mapping to path=/payments/create?total=0"}}
[debug] [2021-01-20T02:52:44.832Z] [runtime-status] [7867] Ephemeral server handling POST request {"metadata":{"emulator":{"name":"functions"},"function":{"name":"api"},"message":"[runtime-status] [7867] Ephemeral server handling POST request"}}
[info] >  Payment Request Received 0 {"user":"Payment Request Received 0","metadata":{"emulator":{"name":"functions"},"function":{"name":"api"},"message":"\u001b[90m> \u001b[39m Payment Request Received 0"}}
[debug] [2021-01-20T02:52:44.834Z] [runtime-status] [7867] Ephemeral server survived. {"metadata":{"emulator":{"name":"functions"},"function":{"name":"api"},"message":"[runtime-status] [7867] Ephemeral server survived."}}
[info] >  (node:7867) UnhandledPromiseRejectionWarning: Error: This value must be greater than or equal to 1. {"user":"(node:7867) UnhandledPromiseRejectionWarning: Error: This value must be greater than or equal to 1.","metadata":{"emulator":{"name":"functions"},"function":{"name":"api"},"message":"\u001b[90m> \u001b[39m (node:7867) UnhandledPromiseRejectionWarning: Error: This value must be greater than or equal to 1."}}
[info] >      at Function.generate (/home/xps15/Sheba/Challenge/amazon-clone/functions/node_modules/stripe/lib/Error.js:40:16) {"user":"    at Function.generate (/home/xps15/Sheba/Challenge/amazon-clone/functions/node_modules/stripe/lib/Error.js:40:16)","metadata":{"emulator":{"name":"functions"},"function":{"name":"api"},"message":"\u001b[90m> \u001b[39m     at Function.generate (/home/xps15/Sheba/Challenge/amazon-clone/functions/node_modules/stripe/lib/Error.js:40:16)"}}
[info] >      at IncomingMessage.res.once (/home/xps15/Sheba/Challenge/amazon-clone/functions/node_modules/stripe/lib/StripeResource.js:180:33) {"user":"    at IncomingMessage.res.once (/home/xps15/Sheba/Challenge/amazon-clone/functions/node_modules/stripe/lib/StripeResource.js:180:33)","metadata":{"emulator":{"name":"functions"},"function":{"name":"api"},"message":"\u001b[90m> \u001b[39m     at IncomingMessage.res.once (/home/xps15/Sheba/Challenge/amazon-clone/functions/node_modules/stripe/lib/StripeResource.js:180:33)"}}
[info] >      at Object.onceWrapper (events.js:286:20) {"user":"    at Object.onceWrapper (events.js:286:20)","metadata":{"emulator":{"name":"functions"},"function":{"name":"api"},"message":"\u001b[90m> \u001b[39m     at Object.onceWrapper (events.js:286:20)"}}
[info] >      at IncomingMessage.emit (events.js:203:15) {"user":"    at IncomingMessage.emit (events.js:203:15)","metadata":{"emulator":{"name":"functions"},"function":{"name":"api"},"message":"\u001b[90m> \u001b[39m     at IncomingMessage.emit (events.js:203:15)"}}
[info] >      at endReadableNT (_stream_readable.js:1145:12) {"user":"    at endReadableNT (_stream_readable.js:1145:12)","metadata":{"emulator":{"name":"functions"},"function":{"name":"api"},"message":"\u001b[90m> \u001b[39m     at endReadableNT (_stream_readable.js:1145:12)"}}
[info] >      at process._tickCallback (internal/process/next_tick.js:63:19) {"user":"    at process._tickCallback (internal/process/next_tick.js:63:19)","metadata":{"emulator":{"name":"functions"},"function":{"name":"api"},"message":"\u001b[90m> \u001b[39m     at process._tickCallback (internal/process/next_tick.js:63:19)"}}
[info] >  (node:7867) UnhandledPromiseRejectionWarning: Unhandled promise rejection. This error originated either by throwing inside of an async function without a catch block, or by rejecting a promise which was not handled with .catch(). (rejection id: 1) {"user":"(node:7867) UnhandledPromiseRejectionWarning: Unhandled promise rejection. This error originated either by throwing inside of an async function without a catch block, or by rejecting a promise which was not handled with .catch(). (rejection id: 1)","metadata":{"emulator":{"name":"functions"},"function":{"name":"api"},"message":"\u001b[90m> \u001b[39m (node:7867) UnhandledPromiseRejectionWarning: Unhandled promise rejection. This error originated either by throwing inside of an async function without a catch block, or by rejecting a promise which was not handled with .catch(). (rejection id: 1)"}}
[info] >  (node:7867) [DEP0018] DeprecationWarning: Unhandled promise rejections are deprecated. In the future, promise rejections that are not handled will terminate the Node.js process with a non-zero exit code. {"user":"(node:7867) [DEP0018] DeprecationWarning: Unhandled promise rejections are deprecated. In the future, promise rejections that are not handled will terminate the Node.js process with a non-zero exit code.","metadata":{"emulator":{"name":"functions"},"function":{"name":"api"},"message":"\u001b[90m> \u001b[39m (node:7867) [DEP0018] DeprecationWarning: Unhandled promise rejections are deprecated. In the future, promise rejections that are not handled will terminate the Node.js process with a non-zero exit code."}}
[warn] ⚠  functions: Your function timed out after ~60s. To configure this timeout, see
      https://firebase.google.com/docs/functions/manage-functions#set_timeout_and_memory_allocation. {"metadata":{"emulator":{"name":"functions"},"function":{"name":"api"},"message":"Your function timed out after ~60s. To configure this timeout, see\n      https://firebase.google.com/docs/functions/manage-functions#set_timeout_and_memory_allocation."}}
[info] >  /usr/local/lib/node_modules/firebase-tools/lib/emulator/functionsEmulatorRuntime.js:640 {"user":"/usr/local/lib/node_modules/firebase-tools/lib/emulator/functionsEmulatorRuntime.js:640","metadata":{"emulator":{"name":"functions"},"function":{"name":"api"},"message":"\u001b[90m> \u001b[39m /usr/local/lib/node_modules/firebase-tools/lib/emulator/functionsEmulatorRuntime.js:640"}}
[info] >              throw new Error("Function timed out."); {"user":"            throw new Error(\"Function timed out.\");","metadata":{"emulator":{"name":"functions"},"function":{"name":"api"},"message":"\u001b[90m> \u001b[39m             throw new Error(\"Function timed out.\");"}}
[info] >              ^ {"user":"            ^","metadata":{"emulator":{"name":"functions"},"function":{"name":"api"},"message":"\u001b[90m> \u001b[39m             ^"}}
[info] >   {"user":"","metadata":{"emulator":{"name":"functions"},"function":{"name":"api"},"message":"\u001b[90m> \u001b[39m "}}
[info] >  Error: Function timed out. {"user":"Error: Function timed out.","metadata":{"emulator":{"name":"functions"},"function":{"name":"api"},"message":"\u001b[90m> \u001b[39m Error: Function timed out."}}
[info] >      at Timeout.setTimeout [as _onTimeout] (/usr/local/lib/node_modules/firebase-tools/lib/emulator/functionsEmulatorRuntime.js:640:19) {"user":"    at Timeout.setTimeout [as _onTimeout] (/usr/local/lib/node_modules/firebase-tools/lib/emulator/functionsEmulatorRuntime.js:640:19)","metadata":{"emulator":{"name":"functions"},"function":{"name":"api"},"message":"\u001b[90m> \u001b[39m     at Timeout.setTimeout [as _onTimeout] (/usr/local/lib/node_modules/firebase-tools/lib/emulator/functionsEmulatorRuntime.js:640:19)"}}
[info] >      at ontimeout (timers.js:436:11) {"user":"    at ontimeout (timers.js:436:11)","metadata":{"emulator":{"name":"functions"},"function":{"name":"api"},"message":"\u001b[90m> \u001b[39m     at ontimeout (timers.js:436:11)"}}
[info] >      at tryOnTimeout (timers.js:300:5) {"user":"    at tryOnTimeout (timers.js:300:5)","metadata":{"emulator":{"name":"functions"},"function":{"name":"api"},"message":"\u001b[90m> \u001b[39m     at tryOnTimeout (timers.js:300:5)"}}
[info] >      at listOnTimeout (timers.js:263:5) {"user":"    at listOnTimeout (timers.js:263:5)","metadata":{"emulator":{"name":"functions"},"function":{"name":"api"},"message":"\u001b[90m> \u001b[39m     at listOnTimeout (timers.js:263:5)"}}
[info] >      at Timer.processTimers (timers.js:223:10) {"user":"    at Timer.processTimers (timers.js:223:10)","metadata":{"emulator":{"name":"functions"},"function":{"name":"api"},"message":"\u001b[90m> \u001b[39m     at Timer.processTimers (timers.js:223:10)"}}
[debug] [2021-01-20T02:53:44.835Z] [worker-api-4ee63835-d36f-43d4-a308-740d52ef9cf7]: exited {"metadata":{"emulator":{"name":"functions"},"message":"[worker-api-4ee63835-d36f-43d4-a308-740d52ef9cf7]: exited"}}
[debug] [2021-01-20T02:53:44.835Z] [worker-api-4ee63835-d36f-43d4-a308-740d52ef9cf7]: FINISHED {"metadata":{"emulator":{"name":"functions"},"message":"[worker-api-4ee63835-d36f-43d4-a308-740d52ef9cf7]: FINISHED"}}
[debug] [2021-01-20T02:53:44.835Z] [work-queue] {"queueLength":0,"workRunningCount":0}
[debug] [2021-01-20T03:02:08.031Z] [work-queue] {"queueLength":1,"workRunningCount":0}
[debug] [2021-01-20T03:02:08.031Z] [work-queue] {"queueLength":0,"workRunningCount":1}
[debug] [2021-01-20T03:02:08.031Z] Accepted request POST /ch-482f8/us-central1/api/payments/create?total=0 --> api
[debug] [2021-01-20T03:02:08.031Z] [worker-pool] Cleaned up workers for api: 1 --> 0 {"metadata":{"emulator":{"name":"functions"},"message":"[worker-pool] Cleaned up workers for api: 1 --> 0"}}
[debug] [2021-01-20T03:02:08.035Z] [worker-pool] addWorker(api) {"metadata":{"emulator":{"name":"functions"},"message":"[worker-pool] addWorker(api)"}}
[debug] [2021-01-20T03:02:08.035Z] [worker-pool] Adding worker with key api, total=1 {"metadata":{"emulator":{"name":"functions"},"message":"[worker-pool] Adding worker with key api, total=1"}}
[debug] [2021-01-20T03:02:08.035Z] [worker-pool] submitWork(triggerId=api) {"metadata":{"emulator":{"name":"functions"},"message":"[worker-pool] submitWork(triggerId=api)"}}
[debug] [2021-01-20T03:02:08.036Z] [worker-api-1c630a8f-3a7d-4577-9294-7753ad5acdba]: Assigning socketPath: /tmp/fire_emu_9694.sock {"metadata":{"emulator":{"name":"functions"},"message":"[worker-api-1c630a8f-3a7d-4577-9294-7753ad5acdba]: Assigning socketPath: /tmp/fire_emu_9694.sock"}}
[debug] [2021-01-20T03:02:08.036Z] [worker-api-1c630a8f-3a7d-4577-9294-7753ad5acdba]: BUSY {"metadata":{"emulator":{"name":"functions"},"message":"[worker-api-1c630a8f-3a7d-4577-9294-7753ad5acdba]: BUSY"}}
[debug] [2021-01-20T03:02:08.465Z] [runtime-status] [9694] Functions runtime initialized. {"cwd":"/home/xps15/Sheba/Challenge/amazon-clone/functions","node_version":"10.19.0"} {"metadata":{"emulator":{"name":"functions"},"function":{"name":"api"},"message":"[runtime-status] [9694] Functions runtime initialized. {\"cwd\":\"/home/xps15/Sheba/Challenge/amazon-clone/functions\",\"node_version\":\"10.19.0\"}"}}
[debug] [2021-01-20T03:02:08.467Z] [runtime-status] [9694] Disabled runtime features: undefined {"metadata":{"emulator":{"name":"functions"},"function":{"name":"api"},"message":"[runtime-status] [9694] Disabled runtime features: undefined"}}
[debug] [2021-01-20T03:02:08.469Z] [runtime-status] [9694] Resolved module firebase-admin {"declared":true,"installed":true,"version":"9.4.2","resolution":"/home/xps15/Sheba/Challenge/amazon-clone/functions/node_modules/firebase-admin/lib/index.js"} {"metadata":{"emulator":{"name":"functions"},"function":{"name":"api"},"message":"[runtime-status] [9694] Resolved module firebase-admin {\"declared\":true,\"installed\":true,\"version\":\"9.4.2\",\"resolution\":\"/home/xps15/Sheba/Challenge/amazon-clone/functions/node_modules/firebase-admin/lib/index.js\"}"}}
[debug] [2021-01-20T03:02:08.471Z] [runtime-status] [9694] Resolved module firebase-functions {"declared":true,"installed":true,"version":"3.13.1","resolution":"/home/xps15/Sheba/Challenge/amazon-clone/functions/node_modules/firebase-functions/lib/index.js"} {"metadata":{"emulator":{"name":"functions"},"function":{"name":"api"},"message":"[runtime-status] [9694] Resolved module firebase-functions {\"declared\":true,\"installed\":true,\"version\":\"3.13.1\",\"resolution\":\"/home/xps15/Sheba/Challenge/amazon-clone/functions/node_modules/firebase-functions/lib/index.js\"}"}}
[debug] [2021-01-20T03:02:08.472Z] [runtime-status] [9694] Resolved module firebase-functions {"declared":true,"installed":true,"version":"3.13.1","resolution":"/home/xps15/Sheba/Challenge/amazon-clone/functions/node_modules/firebase-functions/lib/index.js"} {"metadata":{"emulator":{"name":"functions"},"function":{"name":"api"},"message":"[runtime-status] [9694] Resolved module firebase-functions {\"declared\":true,\"installed\":true,\"version\":\"3.13.1\",\"resolution\":\"/home/xps15/Sheba/Challenge/amazon-clone/functions/node_modules/firebase-functions/lib/index.js\"}"}}
[debug] [2021-01-20T03:02:08.476Z] [runtime-status] [9694] Outgoing network have been stubbed. [{"name":"http","status":"mocked"},{"name":"http","status":"mocked"},{"name":"https","status":"mocked"},{"name":"https","status":"mocked"},{"name":"net","status":"mocked"}] {"metadata":{"emulator":{"name":"functions"},"function":{"name":"api"},"message":"[runtime-status] [9694] Outgoing network have been stubbed. [{\"name\":\"http\",\"status\":\"mocked\"},{\"name\":\"http\",\"status\":\"mocked\"},{\"name\":\"https\",\"status\":\"mocked\"},{\"name\":\"https\",\"status\":\"mocked\"},{\"name\":\"net\",\"status\":\"mocked\"}]"}}
[debug] [2021-01-20T03:02:08.477Z] [runtime-status] [9694] Resolved module firebase-functions {"declared":true,"installed":true,"version":"3.13.1","resolution":"/home/xps15/Sheba/Challenge/amazon-clone/functions/node_modules/firebase-functions/lib/index.js"} {"metadata":{"emulator":{"name":"functions"},"function":{"name":"api"},"message":"[runtime-status] [9694] Resolved module firebase-functions {\"declared\":true,\"installed\":true,\"version\":\"3.13.1\",\"resolution\":\"/home/xps15/Sheba/Challenge/amazon-clone/functions/node_modules/firebase-functions/lib/index.js\"}"}}
[debug] [2021-01-20T03:02:08.512Z] [runtime-status] [9694] Checked functions.config() {"config":{}} {"metadata":{"emulator":{"name":"functions"},"function":{"name":"api"},"message":"[runtime-status] [9694] Checked functions.config() {\"config\":{}}"}}
[debug] [2021-01-20T03:02:08.512Z] [runtime-status] [9694] firebase-functions has been stubbed. {"functionsResolution":{"declared":true,"installed":true,"version":"3.13.1","resolution":"/home/xps15/Sheba/Challenge/amazon-clone/functions/node_modules/firebase-functions/lib/index.js"}} {"metadata":{"emulator":{"name":"functions"},"function":{"name":"api"},"message":"[runtime-status] [9694] firebase-functions has been stubbed. {\"functionsResolution\":{\"declared\":true,\"installed\":true,\"version\":\"3.13.1\",\"resolution\":\"/home/xps15/Sheba/Challenge/amazon-clone/functions/node_modules/firebase-functions/lib/index.js\"}}"}}
[debug] [2021-01-20T03:02:08.513Z] [runtime-status] [9694] Resolved module firebase-functions {"declared":true,"installed":true,"version":"3.13.1","resolution":"/home/xps15/Sheba/Challenge/amazon-clone/functions/node_modules/firebase-functions/lib/index.js"} {"metadata":{"emulator":{"name":"functions"},"function":{"name":"api"},"message":"[runtime-status] [9694] Resolved module firebase-functions {\"declared\":true,\"installed\":true,\"version\":\"3.13.1\",\"resolution\":\"/home/xps15/Sheba/Challenge/amazon-clone/functions/node_modules/firebase-functions/lib/index.js\"}"}}
[debug] [2021-01-20T03:02:08.514Z] [runtime-status] [9694] Resolved module firebase-admin {"declared":true,"installed":true,"version":"9.4.2","resolution":"/home/xps15/Sheba/Challenge/amazon-clone/functions/node_modules/firebase-admin/lib/index.js"} {"metadata":{"emulator":{"name":"functions"},"function":{"name":"api"},"message":"[runtime-status] [9694] Resolved module firebase-admin {\"declared\":true,\"installed\":true,\"version\":\"9.4.2\",\"resolution\":\"/home/xps15/Sheba/Challenge/amazon-clone/functions/node_modules/firebase-admin/lib/index.js\"}"}}
[debug] [2021-01-20T03:02:08.514Z] [runtime-status] [9694] Resolved module firebase-functions {"declared":true,"installed":true,"version":"3.13.1","resolution":"/home/xps15/Sheba/Challenge/amazon-clone/functions/node_modules/firebase-functions/lib/index.js"} {"metadata":{"emulator":{"name":"functions"},"function":{"name":"api"},"message":"[runtime-status] [9694] Resolved module firebase-functions {\"declared\":true,\"installed\":true,\"version\":\"3.13.1\",\"resolution\":\"/home/xps15/Sheba/Challenge/amazon-clone/functions/node_modules/firebase-functions/lib/index.js\"}"}}
[debug] [2021-01-20T03:02:08.514Z] [runtime-status] [9694] firebase-admin has been stubbed. {"adminResolution":{"declared":true,"installed":true,"version":"9.4.2","resolution":"/home/xps15/Sheba/Challenge/amazon-clone/functions/node_modules/firebase-admin/lib/index.js"}} {"metadata":{"emulator":{"name":"functions"},"function":{"name":"api"},"message":"[runtime-status] [9694] firebase-admin has been stubbed. {\"adminResolution\":{\"declared\":true,\"installed\":true,\"version\":\"9.4.2\",\"resolution\":\"/home/xps15/Sheba/Challenge/amazon-clone/functions/node_modules/firebase-admin/lib/index.js\"}}"}}
[debug] [2021-01-20T03:02:08.583Z] [runtime-status] [9694] Trigger "api" has been found, beginning invocation! {"metadata":{"emulator":{"name":"functions"},"function":{"name":"api"},"message":"[runtime-status] [9694] Trigger \"api\" has been found, beginning invocation!"}}
[info] i  functions: Beginning execution of "api" {"metadata":{"emulator":{"name":"functions"},"function":{"name":"api"},"message":"Beginning execution of \"api\""}}
[debug] [2021-01-20T03:02:08.584Z] [runtime-status] [9694] triggerDefinition {"httpsTrigger":{},"name":"api","entryPoint":"api"} {"metadata":{"emulator":{"name":"functions"},"function":{"name":"api"},"message":"[runtime-status] [9694] triggerDefinition {\"httpsTrigger\":{},\"name\":\"api\",\"entryPoint\":\"api\"}"}}
[debug] [2021-01-20T03:02:08.584Z] [runtime-status] [9694] Running api in mode HTTPS {"metadata":{"emulator":{"name":"functions"},"function":{"name":"api"},"message":"[runtime-status] [9694] Running api in mode HTTPS"}}
[debug] [2021-01-20T03:02:08.588Z] [runtime-status] [9694] Attempting to listen to socketPath: /tmp/fire_emu_9694.sock {"metadata":{"emulator":{"name":"functions"},"function":{"name":"api"},"message":"[runtime-status] [9694] Attempting to listen to socketPath: /tmp/fire_emu_9694.sock"}}
[debug] [2021-01-20T03:02:08.591Z] [functions] Runtime ready! Sending request! {"metadata":{"emulator":{"name":"functions"},"message":"[functions] Runtime ready! Sending request!"}}
[debug] [2021-01-20T03:02:08.591Z] [functions] Got req.url=/ch-482f8/us-central1/api/payments/create?total=0, mapping to path=/payments/create?total=0 {"metadata":{"emulator":{"name":"functions"},"message":"[functions] Got req.url=/ch-482f8/us-central1/api/payments/create?total=0, mapping to path=/payments/create?total=0"}}
[debug] [2021-01-20T03:02:08.597Z] [runtime-status] [9694] Ephemeral server handling POST request {"metadata":{"emulator":{"name":"functions"},"function":{"name":"api"},"message":"[runtime-status] [9694] Ephemeral server handling POST request"}}
[info] >  Payment Request Received 0 {"user":"Payment Request Received 0","metadata":{"emulator":{"name":"functions"},"function":{"name":"api"},"message":"\u001b[90m> \u001b[39m Payment Request Received 0"}}
[debug] [2021-01-20T03:02:08.610Z] [runtime-status] [9694] Ephemeral server survived. {"metadata":{"emulator":{"name":"functions"},"function":{"name":"api"},"message":"[runtime-status] [9694] Ephemeral server survived."}}
[info] >  (node:9694) UnhandledPromiseRejectionWarning: Error: This value must be greater than or equal to 1. {"user":"(node:9694) UnhandledPromiseRejectionWarning: Error: This value must be greater than or equal to 1.","metadata":{"emulator":{"name":"functions"},"function":{"name":"api"},"message":"\u001b[90m> \u001b[39m (node:9694) UnhandledPromiseRejectionWarning: Error: This value must be greater than or equal to 1."}}
[info] >      at Function.generate (/home/xps15/Sheba/Challenge/amazon-clone/functions/node_modules/stripe/lib/Error.js:40:16) {"user":"    at Function.generate (/home/xps15/Sheba/Challenge/amazon-clone/functions/node_modules/stripe/lib/Error.js:40:16)","metadata":{"emulator":{"name":"functions"},"function":{"name":"api"},"message":"\u001b[90m> \u001b[39m     at Function.generate (/home/xps15/Sheba/Challenge/amazon-clone/functions/node_modules/stripe/lib/Error.js:40:16)"}}
[info] >      at IncomingMessage.res.once (/home/xps15/Sheba/Challenge/amazon-clone/functions/node_modules/stripe/lib/StripeResource.js:180:33) {"user":"    at IncomingMessage.res.once (/home/xps15/Sheba/Challenge/amazon-clone/functions/node_modules/stripe/lib/StripeResource.js:180:33)","metadata":{"emulator":{"name":"functions"},"function":{"name":"api"},"message":"\u001b[90m> \u001b[39m     at IncomingMessage.res.once (/home/xps15/Sheba/Challenge/amazon-clone/functions/node_modules/stripe/lib/StripeResource.js:180:33)"}}
[info] >      at Object.onceWrapper (events.js:286:20) {"user":"    at Object.onceWrapper (events.js:286:20)","metadata":{"emulator":{"name":"functions"},"function":{"name":"api"},"message":"\u001b[90m> \u001b[39m     at Object.onceWrapper (events.js:286:20)"}}
[info] >      at IncomingMessage.emit (events.js:203:15) {"user":"    at IncomingMessage.emit (events.js:203:15)","metadata":{"emulator":{"name":"functions"},"function":{"name":"api"},"message":"\u001b[90m> \u001b[39m     at IncomingMessage.emit (events.js:203:15)"}}
[info] >      at endReadableNT (_stream_readable.js:1145:12) {"user":"    at endReadableNT (_stream_readable.js:1145:12)","metadata":{"emulator":{"name":"functions"},"function":{"name":"api"},"message":"\u001b[90m> \u001b[39m     at endReadableNT (_stream_readable.js:1145:12)"}}
[info] >      at process._tickCallback (internal/process/next_tick.js:63:19) {"user":"    at process._tickCallback (internal/process/next_tick.js:63:19)","metadata":{"emulator":{"name":"functions"},"function":{"name":"api"},"message":"\u001b[90m> \u001b[39m     at process._tickCallback (internal/process/next_tick.js:63:19)"}}
[info] >  (node:9694) UnhandledPromiseRejectionWarning: Unhandled promise rejection. This error originated either by throwing inside of an async function without a catch block, or by rejecting a promise which was not handled with .catch(). (rejection id: 1) {"user":"(node:9694) UnhandledPromiseRejectionWarning: Unhandled promise rejection. This error originated either by throwing inside of an async function without a catch block, or by rejecting a promise which was not handled with .catch(). (rejection id: 1)","metadata":{"emulator":{"name":"functions"},"function":{"name":"api"},"message":"\u001b[90m> \u001b[39m (node:9694) UnhandledPromiseRejectionWarning: Unhandled promise rejection. This error originated either by throwing inside of an async function without a catch block, or by rejecting a promise which was not handled with .catch(). (rejection id: 1)"}}
[info] >  (node:9694) [DEP0018] DeprecationWarning: Unhandled promise rejections are deprecated. In the future, promise rejections that are not handled will terminate the Node.js process with a non-zero exit code. {"user":"(node:9694) [DEP0018] DeprecationWarning: Unhandled promise rejections are deprecated. In the future, promise rejections that are not handled will terminate the Node.js process with a non-zero exit code.","metadata":{"emulator":{"name":"functions"},"function":{"name":"api"},"message":"\u001b[90m> \u001b[39m (node:9694) [DEP0018] DeprecationWarning: Unhandled promise rejections are deprecated. In the future, promise rejections that are not handled will terminate the Node.js process with a non-zero exit code."}}
[debug] [2021-01-20T03:02:26.858Z] [work-queue] {"queueLength":1,"workRunningCount":1}
[debug] [2021-01-20T03:02:26.858Z] [work-queue] {"queueLength":0,"workRunningCount":2}
[debug] [2021-01-20T03:02:26.858Z] Accepted request POST /ch-482f8/us-central1/api/payments/create?total=7398 --> api
[debug] [2021-01-20T03:02:26.865Z] [worker-pool] addWorker(api) {"metadata":{"emulator":{"name":"functions"},"message":"[worker-pool] addWorker(api)"}}
[debug] [2021-01-20T03:02:26.865Z] [worker-pool] Adding worker with key api, total=2 {"metadata":{"emulator":{"name":"functions"},"message":"[worker-pool] Adding worker with key api, total=2"}}
[debug] [2021-01-20T03:02:26.865Z] [worker-pool] submitWork(triggerId=api) {"metadata":{"emulator":{"name":"functions"},"message":"[worker-pool] submitWork(triggerId=api)"}}
[debug] [2021-01-20T03:02:26.865Z] [worker-api-cbc22608-3763-488f-bc7b-2f537ba15919]: Assigning socketPath: /tmp/fire_emu_9746.sock {"metadata":{"emulator":{"name":"functions"},"message":"[worker-api-cbc22608-3763-488f-bc7b-2f537ba15919]: Assigning socketPath: /tmp/fire_emu_9746.sock"}}
[debug] [2021-01-20T03:02:26.865Z] [worker-api-cbc22608-3763-488f-bc7b-2f537ba15919]: BUSY {"metadata":{"emulator":{"name":"functions"},"message":"[worker-api-cbc22608-3763-488f-bc7b-2f537ba15919]: BUSY"}}
[debug] [2021-01-20T03:02:27.307Z] [runtime-status] [9746] Functions runtime initialized. {"cwd":"/home/xps15/Sheba/Challenge/amazon-clone/functions","node_version":"10.19.0"} {"metadata":{"emulator":{"name":"functions"},"function":{"name":"api"},"message":"[runtime-status] [9746] Functions runtime initialized. {\"cwd\":\"/home/xps15/Sheba/Challenge/amazon-clone/functions\",\"node_version\":\"10.19.0\"}"}}
[debug] [2021-01-20T03:02:27.309Z] [runtime-status] [9746] Disabled runtime features: undefined {"metadata":{"emulator":{"name":"functions"},"function":{"name":"api"},"message":"[runtime-status] [9746] Disabled runtime features: undefined"}}
[debug] [2021-01-20T03:02:27.311Z] [runtime-status] [9746] Resolved module firebase-admin {"declared":true,"installed":true,"version":"9.4.2","resolution":"/home/xps15/Sheba/Challenge/amazon-clone/functions/node_modules/firebase-admin/lib/index.js"} {"metadata":{"emulator":{"name":"functions"},"function":{"name":"api"},"message":"[runtime-status] [9746] Resolved module firebase-admin {\"declared\":true,\"installed\":true,\"version\":\"9.4.2\",\"resolution\":\"/home/xps15/Sheba/Challenge/amazon-clone/functions/node_modules/firebase-admin/lib/index.js\"}"}}
[debug] [2021-01-20T03:02:27.312Z] [runtime-status] [9746] Resolved module firebase-functions {"declared":true,"installed":true,"version":"3.13.1","resolution":"/home/xps15/Sheba/Challenge/amazon-clone/functions/node_modules/firebase-functions/lib/index.js"} {"metadata":{"emulator":{"name":"functions"},"function":{"name":"api"},"message":"[runtime-status] [9746] Resolved module firebase-functions {\"declared\":true,\"installed\":true,\"version\":\"3.13.1\",\"resolution\":\"/home/xps15/Sheba/Challenge/amazon-clone/functions/node_modules/firebase-functions/lib/index.js\"}"}}
[debug] [2021-01-20T03:02:27.312Z] [runtime-status] [9746] Resolved module firebase-functions {"declared":true,"installed":true,"version":"3.13.1","resolution":"/home/xps15/Sheba/Challenge/amazon-clone/functions/node_modules/firebase-functions/lib/index.js"} {"metadata":{"emulator":{"name":"functions"},"function":{"name":"api"},"message":"[runtime-status] [9746] Resolved module firebase-functions {\"declared\":true,\"installed\":true,\"version\":\"3.13.1\",\"resolution\":\"/home/xps15/Sheba/Challenge/amazon-clone/functions/node_modules/firebase-functions/lib/index.js\"}"}}
[debug] [2021-01-20T03:02:27.315Z] [runtime-status] [9746] Outgoing network have been stubbed. [{"name":"http","status":"mocked"},{"name":"http","status":"mocked"},{"name":"https","status":"mocked"},{"name":"https","status":"mocked"},{"name":"net","status":"mocked"}] {"metadata":{"emulator":{"name":"functions"},"function":{"name":"api"},"message":"[runtime-status] [9746] Outgoing network have been stubbed. [{\"name\":\"http\",\"status\":\"mocked\"},{\"name\":\"http\",\"status\":\"mocked\"},{\"name\":\"https\",\"status\":\"mocked\"},{\"name\":\"https\",\"status\":\"mocked\"},{\"name\":\"net\",\"status\":\"mocked\"}]"}}
[debug] [2021-01-20T03:02:27.316Z] [runtime-status] [9746] Resolved module firebase-functions {"declared":true,"installed":true,"version":"3.13.1","resolution":"/home/xps15/Sheba/Challenge/amazon-clone/functions/node_modules/firebase-functions/lib/index.js"} {"metadata":{"emulator":{"name":"functions"},"function":{"name":"api"},"message":"[runtime-status] [9746] Resolved module firebase-functions {\"declared\":true,\"installed\":true,\"version\":\"3.13.1\",\"resolution\":\"/home/xps15/Sheba/Challenge/amazon-clone/functions/node_modules/firebase-functions/lib/index.js\"}"}}
[debug] [2021-01-20T03:02:27.343Z] [runtime-status] [9746] Checked functions.config() {"config":{}} {"metadata":{"emulator":{"name":"functions"},"function":{"name":"api"},"message":"[runtime-status] [9746] Checked functions.config() {\"config\":{}}"}}
[debug] [2021-01-20T03:02:27.343Z] [runtime-status] [9746] firebase-functions has been stubbed. {"functionsResolution":{"declared":true,"installed":true,"version":"3.13.1","resolution":"/home/xps15/Sheba/Challenge/amazon-clone/functions/node_modules/firebase-functions/lib/index.js"}} {"metadata":{"emulator":{"name":"functions"},"function":{"name":"api"},"message":"[runtime-status] [9746] firebase-functions has been stubbed. {\"functionsResolution\":{\"declared\":true,\"installed\":true,\"version\":\"3.13.1\",\"resolution\":\"/home/xps15/Sheba/Challenge/amazon-clone/functions/node_modules/firebase-functions/lib/index.js\"}}"}}
[debug] [2021-01-20T03:02:27.344Z] [runtime-status] [9746] Resolved module firebase-functions {"declared":true,"installed":true,"version":"3.13.1","resolution":"/home/xps15/Sheba/Challenge/amazon-clone/functions/node_modules/firebase-functions/lib/index.js"} {"metadata":{"emulator":{"name":"functions"},"function":{"name":"api"},"message":"[runtime-status] [9746] Resolved module firebase-functions {\"declared\":true,\"installed\":true,\"version\":\"3.13.1\",\"resolution\":\"/home/xps15/Sheba/Challenge/amazon-clone/functions/node_modules/firebase-functions/lib/index.js\"}"}}
[debug] [2021-01-20T03:02:27.344Z] [runtime-status] [9746] Resolved module firebase-admin {"declared":true,"installed":true,"version":"9.4.2","resolution":"/home/xps15/Sheba/Challenge/amazon-clone/functions/node_modules/firebase-admin/lib/index.js"} {"metadata":{"emulator":{"name":"functions"},"function":{"name":"api"},"message":"[runtime-status] [9746] Resolved module firebase-admin {\"declared\":true,\"installed\":true,\"version\":\"9.4.2\",\"resolution\":\"/home/xps15/Sheba/Challenge/amazon-clone/functions/node_modules/firebase-admin/lib/index.js\"}"}}
[debug] [2021-01-20T03:02:27.345Z] [runtime-status] [9746] Resolved module firebase-functions {"declared":true,"installed":true,"version":"3.13.1","resolution":"/home/xps15/Sheba/Challenge/amazon-clone/functions/node_modules/firebase-functions/lib/index.js"} {"metadata":{"emulator":{"name":"functions"},"function":{"name":"api"},"message":"[runtime-status] [9746] Resolved module firebase-functions {\"declared\":true,\"installed\":true,\"version\":\"3.13.1\",\"resolution\":\"/home/xps15/Sheba/Challenge/amazon-clone/functions/node_modules/firebase-functions/lib/index.js\"}"}}
[debug] [2021-01-20T03:02:27.345Z] [runtime-status] [9746] firebase-admin has been stubbed. {"adminResolution":{"declared":true,"installed":true,"version":"9.4.2","resolution":"/home/xps15/Sheba/Challenge/amazon-clone/functions/node_modules/firebase-admin/lib/index.js"}} {"metadata":{"emulator":{"name":"functions"},"function":{"name":"api"},"message":"[runtime-status] [9746] firebase-admin has been stubbed. {\"adminResolution\":{\"declared\":true,\"installed\":true,\"version\":\"9.4.2\",\"resolution\":\"/home/xps15/Sheba/Challenge/amazon-clone/functions/node_modules/firebase-admin/lib/index.js\"}}"}}
[debug] [2021-01-20T03:02:27.405Z] [runtime-status] [9746] Trigger "api" has been found, beginning invocation! {"metadata":{"emulator":{"name":"functions"},"function":{"name":"api"},"message":"[runtime-status] [9746] Trigger \"api\" has been found, beginning invocation!"}}
[info] i  functions: Beginning execution of "api" {"metadata":{"emulator":{"name":"functions"},"function":{"name":"api"},"message":"Beginning execution of \"api\""}}
[debug] [2021-01-20T03:02:27.406Z] [runtime-status] [9746] triggerDefinition {"httpsTrigger":{},"name":"api","entryPoint":"api"} {"metadata":{"emulator":{"name":"functions"},"function":{"name":"api"},"message":"[runtime-status] [9746] triggerDefinition {\"httpsTrigger\":{},\"name\":\"api\",\"entryPoint\":\"api\"}"}}
[debug] [2021-01-20T03:02:27.406Z] [runtime-status] [9746] Running api in mode HTTPS {"metadata":{"emulator":{"name":"functions"},"function":{"name":"api"},"message":"[runtime-status] [9746] Running api in mode HTTPS"}}
[debug] [2021-01-20T03:02:27.410Z] [runtime-status] [9746] Attempting to listen to socketPath: /tmp/fire_emu_9746.sock {"metadata":{"emulator":{"name":"functions"},"function":{"name":"api"},"message":"[runtime-status] [9746] Attempting to listen to socketPath: /tmp/fire_emu_9746.sock"}}
[debug] [2021-01-20T03:02:27.413Z] [functions] Runtime ready! Sending request! {"metadata":{"emulator":{"name":"functions"},"message":"[functions] Runtime ready! Sending request!"}}
[debug] [2021-01-20T03:02:27.413Z] [functions] Got req.url=/ch-482f8/us-central1/api/payments/create?total=7398, mapping to path=/payments/create?total=7398 {"metadata":{"emulator":{"name":"functions"},"message":"[functions] Got req.url=/ch-482f8/us-central1/api/payments/create?total=7398, mapping to path=/payments/create?total=7398"}}
[debug] [2021-01-20T03:02:27.421Z] [runtime-status] [9746] Ephemeral server handling POST request {"metadata":{"emulator":{"name":"functions"},"function":{"name":"api"},"message":"[runtime-status] [9746] Ephemeral server handling POST request"}}
[info] >  Payment Request Received 7398 {"user":"Payment Request Received 7398","metadata":{"emulator":{"name":"functions"},"function":{"name":"api"},"message":"\u001b[90m> \u001b[39m Payment Request Received 7398"}}
[debug] [2021-01-20T03:02:27.430Z] [runtime-status] [9746] Ephemeral server survived. {"metadata":{"emulator":{"name":"functions"},"function":{"name":"api"},"message":"[runtime-status] [9746] Ephemeral server survived."}}
[info] i  functions: Finished "api" in ~1s {"metadata":{"emulator":{"name":"functions"},"function":{"name":"api"},"message":"Finished \"api\" in ~1s"}}
[debug] [2021-01-20T03:02:28.013Z] [worker-api-cbc22608-3763-488f-bc7b-2f537ba15919]: IDLE {"metadata":{"emulator":{"name":"functions"},"message":"[worker-api-cbc22608-3763-488f-bc7b-2f537ba15919]: IDLE"}}
[debug] [2021-01-20T03:02:28.013Z] [work-queue] {"queueLength":0,"workRunningCount":1}
[warn] ⚠  functions: Your function timed out after ~60s. To configure this timeout, see
      https://firebase.google.com/docs/functions/manage-functions#set_timeout_and_memory_allocation. {"metadata":{"emulator":{"name":"functions"},"function":{"name":"api"},"message":"Your function timed out after ~60s. To configure this timeout, see\n      https://firebase.google.com/docs/functions/manage-functions#set_timeout_and_memory_allocation."}}
[info] >  /usr/local/lib/node_modules/firebase-tools/lib/emulator/functionsEmulatorRuntime.js:640 {"user":"/usr/local/lib/node_modules/firebase-tools/lib/emulator/functionsEmulatorRuntime.js:640","metadata":{"emulator":{"name":"functions"},"function":{"name":"api"},"message":"\u001b[90m> \u001b[39m /usr/local/lib/node_modules/firebase-tools/lib/emulator/functionsEmulatorRuntime.js:640"}}
[info] >              throw new Error("Function timed out."); {"user":"            throw new Error(\"Function timed out.\");","metadata":{"emulator":{"name":"functions"},"function":{"name":"api"},"message":"\u001b[90m> \u001b[39m             throw new Error(\"Function timed out.\");"}}
[info] >              ^ {"user":"            ^","metadata":{"emulator":{"name":"functions"},"function":{"name":"api"},"message":"\u001b[90m> \u001b[39m             ^"}}
[info] >   {"user":"","metadata":{"emulator":{"name":"functions"},"function":{"name":"api"},"message":"\u001b[90m> \u001b[39m "}}
[info] >  Error: Function timed out. {"user":"Error: Function timed out.","metadata":{"emulator":{"name":"functions"},"function":{"name":"api"},"message":"\u001b[90m> \u001b[39m Error: Function timed out."}}
[info] >      at Timeout.setTimeout [as _onTimeout] (/usr/local/lib/node_modules/firebase-tools/lib/emulator/functionsEmulatorRuntime.js:640:19) {"user":"    at Timeout.setTimeout [as _onTimeout] (/usr/local/lib/node_modules/firebase-tools/lib/emulator/functionsEmulatorRuntime.js:640:19)","metadata":{"emulator":{"name":"functions"},"function":{"name":"api"},"message":"\u001b[90m> \u001b[39m     at Timeout.setTimeout [as _onTimeout] (/usr/local/lib/node_modules/firebase-tools/lib/emulator/functionsEmulatorRuntime.js:640:19)"}}
[info] >      at ontimeout (timers.js:436:11) {"user":"    at ontimeout (timers.js:436:11)","metadata":{"emulator":{"name":"functions"},"function":{"name":"api"},"message":"\u001b[90m> \u001b[39m     at ontimeout (timers.js:436:11)"}}
[info] >      at tryOnTimeout (timers.js:300:5) {"user":"    at tryOnTimeout (timers.js:300:5)","metadata":{"emulator":{"name":"functions"},"function":{"name":"api"},"message":"\u001b[90m> \u001b[39m     at tryOnTimeout (timers.js:300:5)"}}
[info] >      at listOnTimeout (timers.js:263:5) {"user":"    at listOnTimeout (timers.js:263:5)","metadata":{"emulator":{"name":"functions"},"function":{"name":"api"},"message":"\u001b[90m> \u001b[39m     at listOnTimeout (timers.js:263:5)"}}
[info] >      at Timer.processTimers (timers.js:223:10) {"user":"    at Timer.processTimers (timers.js:223:10)","metadata":{"emulator":{"name":"functions"},"function":{"name":"api"},"message":"\u001b[90m> \u001b[39m     at Timer.processTimers (timers.js:223:10)"}}
[debug] [2021-01-20T03:03:08.594Z] [worker-api-1c630a8f-3a7d-4577-9294-7753ad5acdba]: exited {"metadata":{"emulator":{"name":"functions"},"message":"[worker-api-1c630a8f-3a7d-4577-9294-7753ad5acdba]: exited"}}
[debug] [2021-01-20T03:03:08.594Z] [worker-api-1c630a8f-3a7d-4577-9294-7753ad5acdba]: FINISHED {"metadata":{"emulator":{"name":"functions"},"message":"[worker-api-1c630a8f-3a7d-4577-9294-7753ad5acdba]: FINISHED"}}
[debug] [2021-01-20T03:03:08.594Z] [work-queue] {"queueLength":0,"workRunningCount":0}
[debug] [2021-01-20T03:03:51.530Z] [work-queue] {"queueLength":1,"workRunningCount":0}
[debug] [2021-01-20T03:03:51.530Z] [work-queue] {"queueLength":0,"workRunningCount":1}
[debug] [2021-01-20T03:03:51.530Z] Accepted request POST /ch-482f8/us-central1/api/payments/create?total=4298 --> api
[debug] [2021-01-20T03:03:51.530Z] [worker-pool] Cleaned up workers for api: 2 --> 1 {"metadata":{"emulator":{"name":"functions"},"message":"[worker-pool] Cleaned up workers for api: 2 --> 1"}}
[debug] [2021-01-20T03:03:51.530Z] [worker-pool] submitWork(triggerId=api) {"metadata":{"emulator":{"name":"functions"},"message":"[worker-pool] submitWork(triggerId=api)"}}
[debug] [2021-01-20T03:03:51.530Z] [worker-api-cbc22608-3763-488f-bc7b-2f537ba15919]: Assigning socketPath: /tmp/fire_emu_9746.sock {"metadata":{"emulator":{"name":"functions"},"message":"[worker-api-cbc22608-3763-488f-bc7b-2f537ba15919]: Assigning socketPath: /tmp/fire_emu_9746.sock"}}
[debug] [2021-01-20T03:03:51.530Z] [worker-api-cbc22608-3763-488f-bc7b-2f537ba15919]: BUSY {"metadata":{"emulator":{"name":"functions"},"message":"[worker-api-cbc22608-3763-488f-bc7b-2f537ba15919]: BUSY"}}
[debug] [2021-01-20T03:03:51.532Z] [runtime-status] [9746] Trigger "api" has been found, beginning invocation! {"metadata":{"emulator":{"name":"functions"},"function":{"name":"api"},"message":"[runtime-status] [9746] Trigger \"api\" has been found, beginning invocation!"}}
[info] i  functions: Beginning execution of "api" {"metadata":{"emulator":{"name":"functions"},"function":{"name":"api"},"message":"Beginning execution of \"api\""}}
[debug] [2021-01-20T03:03:51.533Z] [runtime-status] [9746] triggerDefinition {"httpsTrigger":{},"name":"api","entryPoint":"api"} {"metadata":{"emulator":{"name":"functions"},"function":{"name":"api"},"message":"[runtime-status] [9746] triggerDefinition {\"httpsTrigger\":{},\"name\":\"api\",\"entryPoint\":\"api\"}"}}
[debug] [2021-01-20T03:03:51.533Z] [runtime-status] [9746] Running api in mode HTTPS {"metadata":{"emulator":{"name":"functions"},"function":{"name":"api"},"message":"[runtime-status] [9746] Running api in mode HTTPS"}}
[debug] [2021-01-20T03:03:51.533Z] [runtime-status] [9746] Attempting to listen to socketPath: /tmp/fire_emu_9746.sock {"metadata":{"emulator":{"name":"functions"},"function":{"name":"api"},"message":"[runtime-status] [9746] Attempting to listen to socketPath: /tmp/fire_emu_9746.sock"}}
[debug] [2021-01-20T03:03:51.535Z] [functions] Runtime ready! Sending request! {"metadata":{"emulator":{"name":"functions"},"message":"[functions] Runtime ready! Sending request!"}}
[debug] [2021-01-20T03:03:51.535Z] [functions] Got req.url=/ch-482f8/us-central1/api/payments/create?total=4298, mapping to path=/payments/create?total=4298 {"metadata":{"emulator":{"name":"functions"},"message":"[functions] Got req.url=/ch-482f8/us-central1/api/payments/create?total=4298, mapping to path=/payments/create?total=4298"}}
[debug] [2021-01-20T03:03:51.541Z] [runtime-status] [9746] Ephemeral server handling POST request {"metadata":{"emulator":{"name":"functions"},"function":{"name":"api"},"message":"[runtime-status] [9746] Ephemeral server handling POST request"}}
[debug] [2021-01-20T03:03:51.542Z] [runtime-status] [9746] Ephemeral server survived. {"metadata":{"emulator":{"name":"functions"},"function":{"name":"api"},"message":"[runtime-status] [9746] Ephemeral server survived."}}
[info] >  Payment Request Received 4298 {"user":"Payment Request Received 4298","metadata":{"emulator":{"name":"functions"},"function":{"name":"api"},"message":"\u001b[90m> \u001b[39m Payment Request Received 4298"}}
[info] i  functions: Finished "api" in ~1s {"metadata":{"emulator":{"name":"functions"},"function":{"name":"api"},"message":"Finished \"api\" in ~1s"}}
[debug] [2021-01-20T03:03:52.197Z] [worker-api-cbc22608-3763-488f-bc7b-2f537ba15919]: IDLE {"metadata":{"emulator":{"name":"functions"},"message":"[worker-api-cbc22608-3763-488f-bc7b-2f537ba15919]: IDLE"}}
[debug] [2021-01-20T03:03:52.197Z] [work-queue] {"queueLength":0,"workRunningCount":0}
[debug] [2021-01-20T03:14:24.350Z] [work-queue] {"queueLength":1,"workRunningCount":0}
[debug] [2021-01-20T03:14:24.350Z] [work-queue] {"queueLength":0,"workRunningCount":1}
[debug] [2021-01-20T03:14:24.350Z] Accepted request POST /ch-482f8/us-central1/api/payments/create?total=4399 --> api
[debug] [2021-01-20T03:14:24.351Z] [worker-pool] submitWork(triggerId=api) {"metadata":{"emulator":{"name":"functions"},"message":"[worker-pool] submitWork(triggerId=api)"}}
[debug] [2021-01-20T03:14:24.351Z] [worker-api-cbc22608-3763-488f-bc7b-2f537ba15919]: Assigning socketPath: /tmp/fire_emu_9746.sock {"metadata":{"emulator":{"name":"functions"},"message":"[worker-api-cbc22608-3763-488f-bc7b-2f537ba15919]: Assigning socketPath: /tmp/fire_emu_9746.sock"}}
[debug] [2021-01-20T03:14:24.351Z] [worker-api-cbc22608-3763-488f-bc7b-2f537ba15919]: BUSY {"metadata":{"emulator":{"name":"functions"},"message":"[worker-api-cbc22608-3763-488f-bc7b-2f537ba15919]: BUSY"}}
[debug] [2021-01-20T03:14:24.353Z] [runtime-status] [9746] Trigger "api" has been found, beginning invocation! {"metadata":{"emulator":{"name":"functions"},"function":{"name":"api"},"message":"[runtime-status] [9746] Trigger \"api\" has been found, beginning invocation!"}}
[info] i  functions: Beginning execution of "api" {"metadata":{"emulator":{"name":"functions"},"function":{"name":"api"},"message":"Beginning execution of \"api\""}}
[debug] [2021-01-20T03:14:24.353Z] [runtime-status] [9746] triggerDefinition {"httpsTrigger":{},"name":"api","entryPoint":"api"} {"metadata":{"emulator":{"name":"functions"},"function":{"name":"api"},"message":"[runtime-status] [9746] triggerDefinition {\"httpsTrigger\":{},\"name\":\"api\",\"entryPoint\":\"api\"}"}}
[debug] [2021-01-20T03:14:24.353Z] [runtime-status] [9746] Running api in mode HTTPS {"metadata":{"emulator":{"name":"functions"},"function":{"name":"api"},"message":"[runtime-status] [9746] Running api in mode HTTPS"}}
[debug] [2021-01-20T03:14:24.353Z] [runtime-status] [9746] Attempting to listen to socketPath: /tmp/fire_emu_9746.sock {"metadata":{"emulator":{"name":"functions"},"function":{"name":"api"},"message":"[runtime-status] [9746] Attempting to listen to socketPath: /tmp/fire_emu_9746.sock"}}
[debug] [2021-01-20T03:14:24.354Z] [functions] Runtime ready! Sending request! {"metadata":{"emulator":{"name":"functions"},"message":"[functions] Runtime ready! Sending request!"}}
[debug] [2021-01-20T03:14:24.354Z] [functions] Got req.url=/ch-482f8/us-central1/api/payments/create?total=4399, mapping to path=/payments/create?total=4399 {"metadata":{"emulator":{"name":"functions"},"message":"[functions] Got req.url=/ch-482f8/us-central1/api/payments/create?total=4399, mapping to path=/payments/create?total=4399"}}
[debug] [2021-01-20T03:14:24.358Z] [runtime-status] [9746] Ephemeral server handling POST request {"metadata":{"emulator":{"name":"functions"},"function":{"name":"api"},"message":"[runtime-status] [9746] Ephemeral server handling POST request"}}
[info] >  Payment Request Received 4399 {"user":"Payment Request Received 4399","metadata":{"emulator":{"name":"functions"},"function":{"name":"api"},"message":"\u001b[90m> \u001b[39m Payment Request Received 4399"}}
[debug] [2021-01-20T03:14:24.359Z] [runtime-status] [9746] Ephemeral server survived. {"metadata":{"emulator":{"name":"functions"},"function":{"name":"api"},"message":"[runtime-status] [9746] Ephemeral server survived."}}
[info] i  functions: Finished "api" in ~1s {"metadata":{"emulator":{"name":"functions"},"function":{"name":"api"},"message":"Finished \"api\" in ~1s"}}
[debug] [2021-01-20T03:14:24.964Z] [worker-api-cbc22608-3763-488f-bc7b-2f537ba15919]: IDLE {"metadata":{"emulator":{"name":"functions"},"message":"[worker-api-cbc22608-3763-488f-bc7b-2f537ba15919]: IDLE"}}
[debug] [2021-01-20T03:14:24.964Z] [work-queue] {"queueLength":0,"workRunningCount":0}
[debug] [2021-01-20T03:22:46.993Z] [work-queue] {"queueLength":1,"workRunningCount":0}
[debug] [2021-01-20T03:22:46.993Z] [work-queue] {"queueLength":0,"workRunningCount":1}
[debug] [2021-01-20T03:22:46.993Z] Accepted request POST /ch-482f8/us-central1/api/payments/create?total=2999 --> api
[debug] [2021-01-20T03:22:46.993Z] [worker-pool] submitWork(triggerId=api) {"metadata":{"emulator":{"name":"functions"},"message":"[worker-pool] submitWork(triggerId=api)"}}
[debug] [2021-01-20T03:22:46.993Z] [worker-api-cbc22608-3763-488f-bc7b-2f537ba15919]: Assigning socketPath: /tmp/fire_emu_9746.sock {"metadata":{"emulator":{"name":"functions"},"message":"[worker-api-cbc22608-3763-488f-bc7b-2f537ba15919]: Assigning socketPath: /tmp/fire_emu_9746.sock"}}
[debug] [2021-01-20T03:22:46.993Z] [worker-api-cbc22608-3763-488f-bc7b-2f537ba15919]: BUSY {"metadata":{"emulator":{"name":"functions"},"message":"[worker-api-cbc22608-3763-488f-bc7b-2f537ba15919]: BUSY"}}
[debug] [2021-01-20T03:22:46.995Z] [runtime-status] [9746] Trigger "api" has been found, beginning invocation! {"metadata":{"emulator":{"name":"functions"},"function":{"name":"api"},"message":"[runtime-status] [9746] Trigger \"api\" has been found, beginning invocation!"}}
[info] i  functions: Beginning execution of "api" {"metadata":{"emulator":{"name":"functions"},"function":{"name":"api"},"message":"Beginning execution of \"api\""}}
[debug] [2021-01-20T03:22:46.995Z] [runtime-status] [9746] triggerDefinition {"httpsTrigger":{},"name":"api","entryPoint":"api"} {"metadata":{"emulator":{"name":"functions"},"function":{"name":"api"},"message":"[runtime-status] [9746] triggerDefinition {\"httpsTrigger\":{},\"name\":\"api\",\"entryPoint\":\"api\"}"}}
[debug] [2021-01-20T03:22:46.996Z] [runtime-status] [9746] Running api in mode HTTPS {"metadata":{"emulator":{"name":"functions"},"function":{"name":"api"},"message":"[runtime-status] [9746] Running api in mode HTTPS"}}
[debug] [2021-01-20T03:22:46.996Z] [runtime-status] [9746] Attempting to listen to socketPath: /tmp/fire_emu_9746.sock {"metadata":{"emulator":{"name":"functions"},"function":{"name":"api"},"message":"[runtime-status] [9746] Attempting to listen to socketPath: /tmp/fire_emu_9746.sock"}}
[debug] [2021-01-20T03:22:46.997Z] [functions] Runtime ready! Sending request! {"metadata":{"emulator":{"name":"functions"},"message":"[functions] Runtime ready! Sending request!"}}
[debug] [2021-01-20T03:22:46.997Z] [functions] Got req.url=/ch-482f8/us-central1/api/payments/create?total=2999, mapping to path=/payments/create?total=2999 {"metadata":{"emulator":{"name":"functions"},"message":"[functions] Got req.url=/ch-482f8/us-central1/api/payments/create?total=2999, mapping to path=/payments/create?total=2999"}}
[debug] [2021-01-20T03:22:47.001Z] [runtime-status] [9746] Ephemeral server handling POST request {"metadata":{"emulator":{"name":"functions"},"function":{"name":"api"},"message":"[runtime-status] [9746] Ephemeral server handling POST request"}}
[info] >  Payment Request Received 2999 {"user":"Payment Request Received 2999","metadata":{"emulator":{"name":"functions"},"function":{"name":"api"},"message":"\u001b[90m> \u001b[39m Payment Request Received 2999"}}
[debug] [2021-01-20T03:22:47.002Z] [runtime-status] [9746] Ephemeral server survived. {"metadata":{"emulator":{"name":"functions"},"function":{"name":"api"},"message":"[runtime-status] [9746] Ephemeral server survived."}}
[info] i  functions: Finished "api" in ~1s {"metadata":{"emulator":{"name":"functions"},"function":{"name":"api"},"message":"Finished \"api\" in ~1s"}}
[debug] [2021-01-20T03:22:47.521Z] [worker-api-cbc22608-3763-488f-bc7b-2f537ba15919]: IDLE {"metadata":{"emulator":{"name":"functions"},"message":"[worker-api-cbc22608-3763-488f-bc7b-2f537ba15919]: IDLE"}}
[debug] [2021-01-20T03:22:47.522Z] [work-queue] {"queueLength":0,"workRunningCount":0}
